{ username: '2tjdnjs', status: 'FAIL', responseTime: 1573195678960 }
{ username: 'minsuu_', status: 'FAIL', responseTime: 1573195680311 }
{
  username: 'kiyomi_bori',
  status: 'FAIL',
  responseTime: 1573195681377
}
{ username: 'by2hana', status: 'FAIL', responseTime: 1573195682171 }
{
  username: 'kingkong_vely',
  status: 'FAIL',
  responseTime: 1573195682956
}
{ username: 'bymins_', status: 'FAIL', responseTime: 1573195683770 }
{ username: 'love.daon', status: 'FAIL', responseTime: 1573195684595 }
{ username: '22dmswls', status: 'FAIL', responseTime: 1573195685491 }
{
  username: 'bombom_daily_',
  status: 'FAIL',
  responseTime: 1573195686515
}
{ username: 'semicoke_', status: 'FAIL', responseTime: 1573195687803 }
{
  username: 'si_weareone',
  status: 'FAIL',
  responseTime: 1573195689591
}
{ username: 'dorongggu', status: 'FAIL', responseTime: 1573195692588 }
{ username: 'gom.ny', status: 'FAIL', responseTime: 1573195697467 }
{ username: '1heeee', status: 'FAIL', responseTime: 1573195706444 }
{
  username: 'weserbergland',
  status: 'FAIL',
  responseTime: 1573195723602
}
{ username: 'hswny2616', status: 'FAIL', responseTime: 1573195757134 }
{ username: 'elyana.124', status: 'FAIL', responseTime: 1573195824024 }
{
  username: 'teeeedubssss',
  status: 'FAIL',
  responseTime: 1573195956462
}
{ username: 'leekise', status: 'FAIL', responseTime: 1573196219377 }
{ username: 'dodo.0504', status: 'FAIL', responseTime: 1573196744457 }
{ username: 'kr_winter', status: 'FAIL', responseTime: 1573197794373 }
{
  username: 'putraagathis',
  status: 'FAIL',
  responseTime: 1573199893338
}
{ username: 'w.shonie89', status: 'FAIL', responseTime: 1573204088444 }
{ username: 'zywh.liu', status: 'FAIL', responseTime: 1573212478502 }
{
  username: 'kikim.shafx99',
  status: 'SUCCESS',
  responseTime: 1573229256376
}
{
  username: 'gabriellaservellon',
  status: 'SUCCESS',
  responseTime: 1573229257306
}
{ username: 'by.jun', status: 'SUCCESS', responseTime: 1573229258127 }
{
  username: 'ha_r_o_37_sb',
  status: 'SUCCESS',
  responseTime: 1573229258731
}
{
  username: 'dasor_r_',
  status: 'SUCCESS',
  responseTime: 1573229259580
}
{
  username: 'gpfks1881',
  status: 'SUCCESS',
  responseTime: 1573229260464
}
{ username: 'x.bin.x', status: 'SUCCESS', responseTime: 1573229260994 }
{ username: '5.28mm', status: 'SUCCESS', responseTime: 1573229261569 }
{
  username: 'choi_y.c',
  status: 'SUCCESS',
  responseTime: 1573229262435
}
{
  username: '_sum.mer_days_',
  status: 'FAIL',
  responseTime: 1573229262981
}
{
  username: 'da.jjeong2',
  status: 'SUCCESS',
  responseTime: 1573229263517
}
{
  username: 'dongdongk_fit',
  status: 'SUCCESS',
  responseTime: 1573229264367
}
{
  username: 'lal_mal_sawmi___',
  status: 'SUCCESS',
  responseTime: 1573229265272
}
{
  username: 'tanikkee',
  status: 'SUCCESS',
  responseTime: 1573229266139
}
{
  username: '____hoshikuzu_',
  status: 'SUCCESS',
  responseTime: 1573229267094
}
{ username: 'rari.bb', status: 'SUCCESS', responseTime: 1573229267906 }
{ username: 's11m._', status: 'SUCCESS', responseTime: 1573229268823 }
{
  username: 'sieunlove',
  status: 'SUCCESS',
  responseTime: 1573229269817
}
{ username: '__514__', status: 'SUCCESS', responseTime: 1573229270565 }
{
  username: 'ignazio.deluca',
  status: 'SUCCESS',
  responseTime: 1573229271387
}
{ username: 'umieshdi', status: 'FAIL', responseTime: 1573229272138 }
{
  username: 'omy_balloon',
  status: 'FAIL',
  responseTime: 1573229272900
}
{ username: 'syfw1970', status: 'FAIL', responseTime: 1573229273681 }
{ username: 'gunee_0', status: 'FAIL', responseTime: 1573229274446 }
{
  username: 'seongjin9559',
  status: 'FAIL',
  responseTime: 1573229275260
}
{
  username: 'ariathamara',
  status: 'FAIL',
  responseTime: 1573229276088
}
{
  username: 'future__kim',
  status: 'FAIL',
  responseTime: 1573229276907
}
{ username: '365.00', status: 'FAIL', responseTime: 1573229277823 }
{ username: 'jjiac113', status: 'FAIL', responseTime: 1573229278875 }
{ username: 'y1f1y', status: 'FAIL', responseTime: 1573229280176 }
{
  username: 'r_alkinani19',
  status: 'FAIL',
  responseTime: 1573229281962
}
{
  username: 'rahaf.alnoman',
  status: 'FAIL',
  responseTime: 1573229284778
}
{
  username: 'osama.alkolas',
  status: 'FAIL',
  responseTime: 1573229289661
}
{ username: 'o7rta', status: 'FAIL', responseTime: 1573229298630 }
{ username: 'noori_244', status: 'FAIL', responseTime: 1573229315774 }
{ username: 'ebtesam344', status: 'FAIL', responseTime: 1573229349880 }
{ username: 'c0h_', status: 'FAIL', responseTime: 1573229416175 }
{ username: 'ti.m2', status: 'FAIL', responseTime: 1573229548034 }
{ username: 'if_ton', status: 'FAIL', responseTime: 1573229811528 }
{ username: 'sh.567d', status: 'FAIL', responseTime: 1573230336724 }
{ username: 'felix.46', status: 'FAIL', responseTime: 1573231386614 }
{ username: 'wareef.mo', status: 'FAIL', responseTime: 1573233484517 }
{ username: 'cookaliza', status: 'FAIL', responseTime: 1573237679573 }
{
  username: 'a01099487467',
  status: 'SUCCESS',
  responseTime: 1573246068728
}
{
  username: 'lindolfosouto',
  status: 'SUCCESS',
  responseTime: 1573246069577
}
{ username: 'mydiaco', status: 'SUCCESS', responseTime: 1573246070447 }
{
  username: 'tubiabaci',
  status: 'SUCCESS',
  responseTime: 1573246071277
}
{
  username: 'kaseylmartin',
  status: 'FAIL',
  responseTime: 1573246071797
}
{
  username: 'jhalli_bypriasethi',
  status: 'SUCCESS',
  responseTime: 1573246072809
}
{
  username: 'couplegoaal1',
  status: 'SUCCESS',
  responseTime: 1573246073549
}
{
  username: 'eggcellencearg',
  status: 'SUCCESS',
  responseTime: 1573246074346
}
{
  username: 'ajaikrobinson',
  status: 'SUCCESS',
  responseTime: 1573246075386
}
{
  username: 'mypixiecup',
  status: 'SUCCESS',
  responseTime: 1573246076645
}
{ username: 'gibbjme', status: 'SUCCESS', responseTime: 1573246077335 }
{
  username: 'brunotauzin',
  status: 'SUCCESS',
  responseTime: 1573246078063
}
{
  username: 'fredricae',
  status: 'SUCCESS',
  responseTime: 1573246078777
}
{
  username: 'iamdechard',
  status: 'SUCCESS',
  responseTime: 1573246079521
}
{
  username: 'mariechristinelab',
  status: 'SUCCESS',
  responseTime: 1573246080280
}
{
  username: 'someonestillmylife',
  status: 'FAIL',
  responseTime: 1573246080801
}
{
  username: 'biancamarquesoficial',
  status: 'SUCCESS',
  responseTime: 1573246081758
}
{
  username: 'keniajully',
  status: 'SUCCESS',
  responseTime: 1573246082498
}
{
  username: 'hoonsena9',
  status: 'SUCCESS',
  responseTime: 1573246083239
}
{
  username: 'mizuki_tyan',
  status: 'SUCCESS',
  responseTime: 1573246084082
}
{
  username: 'sportbikersbr',
  status: 'SUCCESS',
  responseTime: 1573246084932
}
{
  username: 'leeggoncalves',
  status: 'SUCCESS',
  responseTime: 1573246085834
}
{
  username: 'mollymalhotras',
  status: 'SUCCESS',
  responseTime: 1573246086599
}
{
  username: 'yjhjdujdhjfhjfjfj2017',
  status: 'SUCCESS',
  responseTime: 1573246087381
}
{
  username: 'blayneporterfield',
  status: 'SUCCESS',
  responseTime: 1573246088020
}
{
  username: 'travelisfun1',
  status: 'SUCCESS',
  responseTime: 1573246088962
}
{
  username: 'parisa.232323',
  status: 'SUCCESS',
  responseTime: 1573246089743
}
{
  username: 'money_the_bully',
  status: 'SUCCESS',
  responseTime: 1573246090503
}
{
  username: 'docescachos',
  status: 'SUCCESS',
  responseTime: 1573246091297
}
{
  username: 'oficialvalmar',
  status: 'SUCCESS',
  responseTime: 1573246092017
}
{
  username: 'saedy_antar',
  status: 'SUCCESS',
  responseTime: 1573246092837
}
{
  username: 'photographergram.co',
  status: 'SUCCESS',
  responseTime: 1573246093554
}
{
  username: 'the.void.and.its.counterparts',
  status: 'SUCCESS',
  responseTime: 1573246094327
}
{
  username: 'rimxha_x',
  status: 'SUCCESS',
  responseTime: 1573246095046
}
{
  username: 'infographie.animation',
  status: 'SUCCESS',
  responseTime: 1573246095778
}
{
  username: 'beautifulme_101',
  status: 'SUCCESS',
  responseTime: 1573246096671
}
{ username: 'aocarmy', status: 'SUCCESS', responseTime: 1573246097499 }
{
  username: 'photomcreation',
  status: 'SUCCESS',
  responseTime: 1573246098303
}
{
  username: 'olgasciuto',
  status: 'SUCCESS',
  responseTime: 1573246099068
}
{
  username: 'myvalrhona',
  status: 'SUCCESS',
  responseTime: 1573246099824
}
{
  username: 'babadaily_',
  status: 'SUCCESS',
  responseTime: 1573246100663
}
{
  username: 'armin_fateme',
  status: 'SUCCESS',
  responseTime: 1573246101228
}
{
  username: 'marianaescarlatacandy',
  status: 'SUCCESS',
  responseTime: 1573246101952
}
{
  username: 'mindovermattermums',
  status: 'SUCCESS',
  responseTime: 1573246102718
}
{ username: 'cleoble', status: 'SUCCESS', responseTime: 1573246103521 }
{
  username: 'holy_guac.310',
  status: 'SUCCESS',
  responseTime: 1573246104230
}
{ username: 'sk.zen00', status: 'FAIL', responseTime: 1573246104759 }
{
  username: 'ria_babes',
  status: 'SUCCESS',
  responseTime: 1573246105783
}
{
  username: 'njwwaakhr',
  status: 'SUCCESS',
  responseTime: 1573246106408
}
{
  username: 'bchanhoney',
  status: 'SUCCESS',
  responseTime: 1573246106936
}
{
  username: 'han.88br',
  status: 'SUCCESS',
  responseTime: 1573246107551
}
{
  username: 'sugi_nora',
  status: 'SUCCESS',
  responseTime: 1573246108346
}
{
  username: 'ellys.home',
  status: 'SUCCESS',
  responseTime: 1573246109765
}
{
  username: 'han_ah_kim',
  status: 'SUCCESS',
  responseTime: 1573246110456
}
{
  username: 'ssssssssssnk',
  status: 'SUCCESS',
  responseTime: 1573246111262
}
{
  username: 'softggvk',
  status: 'SUCCESS',
  responseTime: 1573246111962
}
{
  username: 'ma._.neul00',
  status: 'FAIL',
  responseTime: 1573246112492
}
{
  username: 'minyyyabb',
  status: 'SUCCESS',
  responseTime: 1573246113452
}
{
  username: 'qingyi80',
  status: 'SUCCESS',
  responseTime: 1573246114309
}
{
  username: 'finechi.design',
  status: 'SUCCESS',
  responseTime: 1573246115118
}
{
  username: 'vivian___jay',
  status: 'SUCCESS',
  responseTime: 1573246115928
}
{
  username: 'barbaraak12',
  status: 'SUCCESS',
  responseTime: 1573246116481
}
{
  username: 'kyoungeun.0_0',
  status: 'SUCCESS',
  responseTime: 1573246117258
}
{ username: 'sohyoungyi', status: 'FAIL', responseTime: 1573246117783 }
{
  username: 'tasbeh_ashraf',
  status: 'SUCCESS',
  responseTime: 1573246118314
}
{
  username: 'ssooong_hj',
  status: 'SUCCESS',
  responseTime: 1573246119096
}
{
  username: 'suminmin0321',
  status: 'SUCCESS',
  responseTime: 1573246119937
}
{ username: 'aaaangd', status: 'SUCCESS', responseTime: 1573246120972 }
{
  username: 'dagyeongv',
  status: 'SUCCESS',
  responseTime: 1573246121805
}
{ username: 'ojr_430', status: 'FAIL', responseTime: 1573246122704 }
{
  username: 'bamboet86',
  status: 'SUCCESS',
  responseTime: 1573246123521
}
{
  username: 'yiyi7569',
  status: 'SUCCESS',
  responseTime: 1573246124093
}
{
  username: 'juju_room',
  status: 'SUCCESS',
  responseTime: 1573246124838
}
{ username: 'bbbow357', status: 'FAIL', responseTime: 1573246125363 }
{
  username: 'shinhwasick',
  status: 'SUCCESS',
  responseTime: 1573246125911
}
{
  username: 'sangvely___k',
  status: 'SUCCESS',
  responseTime: 1573246126715
}
{ username: 'mikasa_ah', status: 'FAIL', responseTime: 1573246127238 }
{
  username: 'overcukkristina8',
  status: 'SUCCESS',
  responseTime: 1573246128189
}
{
  username: 'achilesy1',
  status: 'SUCCESS',
  responseTime: 1573246128730
}
{
  username: 'sofiaq.j',
  status: 'SUCCESS',
  responseTime: 1573246129377
}
{
  username: 'gimminju7197',
  status: 'SUCCESS',
  responseTime: 1573246129978
}
{ username: '__zl.e', status: 'SUCCESS', responseTime: 1573246130532 }
{
  username: 'treasurespect__01',
  status: 'SUCCESS',
  responseTime: 1573246131059
}
{
  username: 'duriblueberry',
  status: 'SUCCESS',
  responseTime: 1573246131924
}
{
  username: 'wickedwife.seoul',
  status: 'SUCCESS',
  responseTime: 1573246132711
}
{
  username: 'ming._.p',
  status: 'SUCCESS',
  responseTime: 1573246133560
}
{ username: 'page.12', status: 'SUCCESS', responseTime: 1573246134389 }
{
  username: 'therosa__',
  status: 'SUCCESS',
  responseTime: 1573246135307
}
{
  username: 'bodysonata_ceo',
  status: 'SUCCESS',
  responseTime: 1573246136102
}
{
  username: 'asdf7650866',
  status: 'SUCCESS',
  responseTime: 1573246137657
}
{
  username: 'rkdkcdrnjs',
  status: 'SUCCESS',
  responseTime: 1573246138529
}
{
  username: 'jiminisqt',
  status: 'SUCCESS',
  responseTime: 1573246139478
}
{ username: 'suna_k_', status: 'SUCCESS', responseTime: 1573246140227 }
{
  username: 'just._.jg',
  status: 'SUCCESS',
  responseTime: 1573246141004
}
{
  username: 'new_spr_ing',
  status: 'SUCCESS',
  responseTime: 1573246141838
}
{
  username: 'sierra_whiskey_park',
  status: 'SUCCESS',
  responseTime: 1573246142816
}
{
  username: 'manoffin_official',
  status: 'SUCCESS',
  responseTime: 1573246143595
}
{
  username: 'madonna__b',
  status: 'SUCCESS',
  responseTime: 1573246144291
}
{
  username: 'flower_catherine',
  status: 'SUCCESS',
  responseTime: 1573246144819
}
{ username: 'merakiwith', status: 'FAIL', responseTime: 1573246145347 }
{
  username: 'nounbynour',
  status: 'SUCCESS',
  responseTime: 1573246146259
}
{
  username: 'tesetturbilgisi',
  status: 'SUCCESS',
  responseTime: 1573246147025
}
{
  username: 'paolaleca',
  status: 'SUCCESS',
  responseTime: 1573246147751
}
{
  username: 'balco.classics',
  status: 'SUCCESS',
  responseTime: 1573246148554
}
{
  username: 'deliberate_livin',
  status: 'SUCCESS',
  responseTime: 1573246149266
}
{
  username: 'syafiqmokhtar._',
  status: 'SUCCESS',
  responseTime: 1573246150209
}
{
  username: 'hello_hao',
  status: 'SUCCESS',
  responseTime: 1573246150993
}
{
  username: 'fembroidery',
  status: 'SUCCESS',
  responseTime: 1573246151883
}
{
  username: 'ozanfitness',
  status: 'SUCCESS',
  responseTime: 1573246152885
}
{
  username: 'alex_amok',
  status: 'SUCCESS',
  responseTime: 1573246153690
}
{
  username: 'slowly.0211',
  status: 'SUCCESS',
  responseTime: 1573246154552
}
{ username: 'analia', status: 'SUCCESS', responseTime: 1573246155357 }
{
  username: 'keremettop',
  status: 'SUCCESS',
  responseTime: 1573246156087
}
{ username: 'emitt.s', status: 'SUCCESS', responseTime: 1573246156995 }
{
  username: 'hypebeastkr',
  status: 'SUCCESS',
  responseTime: 1573246157810
}
{
  username: 'bns_nature',
  status: 'SUCCESS',
  responseTime: 1573246158544
}
{
  username: 'jorgebustillos',
  status: 'SUCCESS',
  responseTime: 1573246159127
}
{
  username: 'party0f5ive',
  status: 'SUCCESS',
  responseTime: 1573246160193
}
{
  username: 'coltonjustice',
  status: 'SUCCESS',
  responseTime: 1573246161083
}
{
  username: 'sylvia_salerno_',
  status: 'SUCCESS',
  responseTime: 1573246161881
}
{
  username: 'eecha_beela',
  status: 'SUCCESS',
  responseTime: 1573246162432
}
{
  username: 'wax_organik_tak_sakit_rm30',
  status: 'SUCCESS',
  responseTime: 1573246163295
}
{
  username: 'quthub_zaman',
  status: 'SUCCESS',
  responseTime: 1573246164388
}
{
  username: 'zlkrnzlkfli',
  status: 'SUCCESS',
  responseTime: 1573246164994
}
{ username: 'yem_ss_', status: 'SUCCESS', responseTime: 1573246165928 }
{ username: '1ove__r', status: 'SUCCESS', responseTime: 1573246166720 }
{
  username: 'saeddong_2',
  status: 'SUCCESS',
  responseTime: 1573246167461
}
{
  username: 'barbi.han',
  status: 'SUCCESS',
  responseTime: 1573246168617
}
{
  username: 'moon.log',
  status: 'SUCCESS',
  responseTime: 1573246169362
}
{
  username: 'shinmr21',
  status: 'SUCCESS',
  responseTime: 1573246170164
}
{ username: 'addjiny', status: 'SUCCESS', responseTime: 1573246170909 }
{
  username: 'ranacconda',
  status: 'SUCCESS',
  responseTime: 1573246171929
}
{ username: 'wh_song', status: 'SUCCESS', responseTime: 1573246172634 }
{
  username: 'youyouvely',
  status: 'SUCCESS',
  responseTime: 1573246173448
}
{
  username: '______lini',
  status: 'SUCCESS',
  responseTime: 1573246174381
}
{
  username: 'eumjuhye1001',
  status: 'SUCCESS',
  responseTime: 1573246175228
}
{ username: 'beiny_', status: 'SUCCESS', responseTime: 1573246175983 }
{
  username: 'yeonwoo_momolnd',
  status: 'SUCCESS',
  responseTime: 1573246177029
}
{
  username: 'dohui1026',
  status: 'SUCCESS',
  responseTime: 1573246177788
}
{
  username: 'haloshop.kr',
  status: 'SUCCESS',
  responseTime: 1573246178584
}
{
  username: 'j_____m___',
  status: 'SUCCESS',
  responseTime: 1573246179656
}
{ username: 'jynnyi', status: 'SUCCESS', responseTime: 1573246181131 }
{
  username: 'sgijisung',
  status: 'SUCCESS',
  responseTime: 1573246182046
}
{
  username: 'sanghoo28',
  status: 'SUCCESS',
  responseTime: 1573246183196
}
{
  username: 'gigi_officialpup_',
  status: 'SUCCESS',
  responseTime: 1573246184361
}
{
  username: 's_hyun_117',
  status: 'SUCCESS',
  responseTime: 1573246185265
}
{
  username: 'ji.h.y.e',
  status: 'SUCCESS',
  responseTime: 1573246186569
}
{
  username: 'reine_libe',
  status: 'SUCCESS',
  responseTime: 1573246187792
}
{
  username: '_am__1010',
  status: 'SUCCESS',
  responseTime: 1573246189053
}
{
  username: 'bread_zy',
  status: 'SUCCESS',
  responseTime: 1573246190019
}
{
  username: 'yun.gyong',
  status: 'SUCCESS',
  responseTime: 1573246191010
}
{
  username: 'zlyeonnn',
  status: 'SUCCESS',
  responseTime: 1573246191967
}
{
  username: 'suandinidini1993',
  status: 'SUCCESS',
  responseTime: 1573246193052
}
{
  username: 'kimaengdoo',
  status: 'SUCCESS',
  responseTime: 1573246194453
}
{
  username: 'pipityiqixing',
  status: 'SUCCESS',
  responseTime: 1573246195606
}
{
  username: 'blee__s2',
  status: 'SUCCESS',
  responseTime: 1573246196680
}
{
  username: 'kikikiki__ki',
  status: 'SUCCESS',
  responseTime: 1573246197683
}
{
  username: 'yunhyeonseok',
  status: 'SUCCESS',
  responseTime: 1573246198635
}
{
  username: 'kim_ssunny',
  status: 'SUCCESS',
  responseTime: 1573246199947
}
{
  username: '8pr75t1l0',
  status: 'SUCCESS',
  responseTime: 1573246201204
}
{ username: 'oioee', status: 'SUCCESS', responseTime: 1573246202312 }
{
  username: 'paparecipe_official',
  status: 'SUCCESS',
  responseTime: 1573246203633
}
{
  username: 'hellojeba',
  status: 'SUCCESS',
  responseTime: 1573246204779
}
{
  username: 'namju_17',
  status: 'SUCCESS',
  responseTime: 1573246206216
}
{
  username: 'sunahhlove',
  status: 'SUCCESS',
  responseTime: 1573246207509
}
{
  username: 'bb_____roy',
  status: 'SUCCESS',
  responseTime: 1573246209471
}
{
  username: 'another_youla',
  status: 'SUCCESS',
  responseTime: 1573246210606
}
{
  username: 'hohomam8623',
  status: 'SUCCESS',
  responseTime: 1573246211903
}
{
  username: 'kmom_aliyah',
  status: 'SUCCESS',
  responseTime: 1573246213152
}
{
  username: 'jiniacrochet',
  status: 'SUCCESS',
  responseTime: 1573246214571
}
{ username: 'ailee06', status: 'SUCCESS', responseTime: 1573246215767 }
{ username: 'woozk', status: 'SUCCESS', responseTime: 1573246216874 }
{ username: '168.9', status: 'SUCCESS', responseTime: 1573246218042 }
{ username: 'na_ris2', status: 'SUCCESS', responseTime: 1573246219142 }
{
  username: 'r.hyunhee',
  status: 'SUCCESS',
  responseTime: 1573246220395
}
{
  username: 'hyejin3685',
  status: 'SUCCESS',
  responseTime: 1573246221697
}
{
  username: 'zolzyolo',
  status: 'SUCCESS',
  responseTime: 1573246222818
}
{
  username: 'yoooon_ha',
  status: 'SUCCESS',
  responseTime: 1573246224049
}
{
  username: 'jeong_wooyeong',
  status: 'SUCCESS',
  responseTime: 1573246224979
}
{ username: 'minuxxv', status: 'SUCCESS', responseTime: 1573246226133 }
{ username: '0az.9', status: 'SUCCESS', responseTime: 1573246227281 }
{
  username: 'hero_jmg_90',
  status: 'FAIL',
  responseTime: 1573246228052
}
{
  username: 'slattery.jamie',
  status: 'SUCCESS',
  responseTime: 1573246229153
}
{
  username: 'xpersonelle',
  status: 'SUCCESS',
  responseTime: 1573246230075
}
{
  username: 'bora__atasoy',
  status: 'SUCCESS',
  responseTime: 1573246231026
}
{
  username: 'sanascoochie',
  status: 'SUCCESS',
  responseTime: 1573246232232
}
{ username: 'uk__mary', status: 'FAIL', responseTime: 1573246233191 }
{
  username: 'ismabamz',
  status: 'SUCCESS',
  responseTime: 1573246234121
}
{
  username: 'dragonballzfirefighter94',
  status: 'FAIL',
  responseTime: 1573246235082
}
{
  username: 'geradanilov',
  status: 'SUCCESS',
  responseTime: 1573246236270
}
{
  username: 'deonte.watts',
  status: 'SUCCESS',
  responseTime: 1573246237531
}
{
  username: 'cathythekimchi',
  status: 'SUCCESS',
  responseTime: 1573246238667
}
{ username: 'flipwut', status: 'SUCCESS', responseTime: 1573246239849 }
{
  username: 'cgalbraith63',
  status: 'SUCCESS',
  responseTime: 1573246241441
}
{
  username: 'slv_txr_ins',
  status: 'SUCCESS',
  responseTime: 1573246242371
}
{
  username: 'rosemarymanning',
  status: 'SUCCESS',
  responseTime: 1573246243599
}
{
  username: 'rlizcano_urdiain',
  status: 'SUCCESS',
  responseTime: 1573246244501
}
{ username: 'nuof.al', status: 'SUCCESS', responseTime: 1573246246153 }
{
  username: 'donalessandroargentiero',
  status: 'SUCCESS',
  responseTime: 1573246247159
}
{
  username: 'ismailselkh',
  status: 'SUCCESS',
  responseTime: 1573246248117
}
{
  username: 'theprince710',
  status: 'SUCCESS',
  responseTime: 1573246249668
}
{
  username: 'alfonsosciacchitano',
  status: 'SUCCESS',
  responseTime: 1573246250587
}
{
  username: 'yildirim3671',
  status: 'SUCCESS',
  responseTime: 1573246251654
}
{
  username: 'asianmanrecords',
  status: 'SUCCESS',
  responseTime: 1573246252788
}
{
  username: 'clubofcooks',
  status: 'SUCCESS',
  responseTime: 1573246254267
}
{
  username: 'rihannasglam',
  status: 'SUCCESS',
  responseTime: 1573246255776
}
{
  username: 'curlysueofficial',
  status: 'SUCCESS',
  responseTime: 1573246257146
}
{
  username: 'halogenix',
  status: 'SUCCESS',
  responseTime: 1573246258516
}
{
  username: 'fcbrulinda2',
  status: 'SUCCESS',
  responseTime: 1573246259766
}
{ username: 'omar_ia', status: 'SUCCESS', responseTime: 1573246261039 }
{
  username: 'beafit_aus',
  status: 'SUCCESS',
  responseTime: 1573246262313
}
{
  username: 'the_krazyneuron',
  status: 'SUCCESS',
  responseTime: 1573246264031
}
{
  username: 'misterroderic',
  status: 'FAIL',
  responseTime: 1573246264996
}
{
  username: 'saadia_0',
  status: 'SUCCESS',
  responseTime: 1573246266206
}
{
  username: 'insta_lookbook_',
  status: 'SUCCESS',
  responseTime: 1573246267560
}
{
  username: 'kooop2222',
  status: 'SUCCESS',
  responseTime: 1573246268707
}
{
  username: 'mina_araste6',
  status: 'SUCCESS',
  responseTime: 1573246270203
}
{
  username: 'montanamagpie',
  status: 'SUCCESS',
  responseTime: 1573246271306
}
{
  username: 'green_0605',
  status: 'SUCCESS',
  responseTime: 1573246272746
}
{
  username: 'izabela.tel',
  status: 'SUCCESS',
  responseTime: 1573246273890
}
{
  username: 'skz.straykids',
  status: 'SUCCESS',
  responseTime: 1573246274986
}
{ username: 'sue.xxy', status: 'SUCCESS', responseTime: 1573246276259 }
{
  username: 'yong_jep',
  status: 'SUCCESS',
  responseTime: 1573246277478
}
{
  username: 'super_ssyoon',
  status: 'SUCCESS',
  responseTime: 1573246278512
}
{ username: 'lovpino', status: 'SUCCESS', responseTime: 1573246279947 }
{ username: 'lgimol', status: 'SUCCESS', responseTime: 1573246280852 }
{
  username: 'ryd_vely',
  status: 'SUCCESS',
  responseTime: 1573246281677
}
{
  username: 'hannammm',
  status: 'SUCCESS',
  responseTime: 1573246282224
}
{
  username: 'tabascoel',
  status: 'SUCCESS',
  responseTime: 1573246282974
}
{
  username: 'yeseul_happy',
  status: 'SUCCESS',
  responseTime: 1573246283522
}
{
  username: 'kkim_bok',
  status: 'SUCCESS',
  responseTime: 1573246284082
}
{
  username: 'wonny2682',
  status: 'SUCCESS',
  responseTime: 1573246284922
}
{
  username: 'raulensia',
  status: 'SUCCESS',
  responseTime: 1573246285678
}
{ username: 'yongejaun_', status: 'FAIL', responseTime: 1573246286201 }
{
  username: 'shawn_hsh',
  status: 'SUCCESS',
  responseTime: 1573246286961
}
{
  username: 'taylor_eats_rice',
  status: 'SUCCESS',
  responseTime: 1573246287900
}
{
  username: 'rnstlr562019',
  status: 'SUCCESS',
  responseTime: 1573246288515
}
{
  username: '_radient',
  status: 'SUCCESS',
  responseTime: 1573246289049
}
{ username: 'yoom_pa', status: 'SUCCESS', responseTime: 1573246289587 }
{ username: 'yu_din2', status: 'SUCCESS', responseTime: 1573246290381 }
{
  username: 'mr.han_______',
  status: 'SUCCESS',
  responseTime: 1573246291207
}
{
  username: 'geonhee2',
  status: 'SUCCESS',
  responseTime: 1573246293103
}
{ username: 'do_9.mn', status: 'SUCCESS', responseTime: 1573246293747 }
{ username: 'yu_6.30', status: 'SUCCESS', responseTime: 1573246294281 }
{
  username: 'anisa_rahmawati299',
  status: 'SUCCESS',
  responseTime: 1573246295183
}
{
  username: 'auliaarhmii',
  status: 'SUCCESS',
  responseTime: 1573246295863
}
{
  username: 'y.anii_s',
  status: 'SUCCESS',
  responseTime: 1573246296459
}
{
  username: 'hikmawatiimma',
  status: 'SUCCESS',
  responseTime: 1573246297005
}
{
  username: 'kim_chielf',
  status: 'SUCCESS',
  responseTime: 1573246298127
}
{
  username: 'dhery_a.m',
  status: 'SUCCESS',
  responseTime: 1573246298891
}
{
  username: 'dwantarj',
  status: 'SUCCESS',
  responseTime: 1573246299670
}
{
  username: 'elvia.candra',
  status: 'SUCCESS',
  responseTime: 1573246300430
}
{
  username: 'dinioktadini',
  status: 'SUCCESS',
  responseTime: 1573246301074
}
{
  username: 'diianaputrii04',
  status: 'FAIL',
  responseTime: 1573246301611
}
{
  username: 'akiffarisya',
  status: 'SUCCESS',
  responseTime: 1573246302355
}
{
  username: 'leilafauziah',
  status: 'SUCCESS',
  responseTime: 1573246302890
}
{
  username: 'eirenemujono',
  status: 'SUCCESS',
  responseTime: 1573246303899
}
{ username: 'hans_hishm', status: 'FAIL', responseTime: 1573246304660 }
{
  username: 'lalala.isla',
  status: 'FAIL',
  responseTime: 1573246305434
}
{ username: 'deliatrirh', status: 'FAIL', responseTime: 1573246306201 }
{
  username: 'nonamayangroja0210',
  status: 'FAIL',
  responseTime: 1573246306995
}
{ username: 'dksltm_', status: 'FAIL', responseTime: 1573246307777 }
{ username: 'amberone', status: 'FAIL', responseTime: 1573246308564 }
{ username: 'motive105', status: 'FAIL', responseTime: 1573246309485 }
{
  username: 'kwiatkowski.edward',
  status: 'FAIL',
  responseTime: 1573246310384
}
{ username: 'kylejrock', status: 'FAIL', responseTime: 1573246311395 }
{
  username: 'lumieredontcare',
  status: 'FAIL',
  responseTime: 1573246312673
}
{
  username: 'zeiers_umbautraum',
  status: 'FAIL',
  responseTime: 1573246314721
}
{
  username: 'mitchconnolly1_',
  status: 'FAIL',
  responseTime: 1573246317516
}
{
  username: 'africanbadgirl_',
  status: 'FAIL',
  responseTime: 1573246322362
}
{
  username: 'kethelinjhully',
  status: 'FAIL',
  responseTime: 1573246331305
}
{
  username: 'goodbye_ana_sunny',
  status: 'FAIL',
  responseTime: 1573246348448
}
{ username: '_mm_ee7', status: 'FAIL', responseTime: 1573246381980 }
{ username: 'jloquillo', status: 'FAIL', responseTime: 1573246448280 }
{ username: 'kumsimash', status: 'FAIL', responseTime: 1573246581025 }
{
  username: 'caiaanjunaeidi',
  status: 'FAIL',
  responseTime: 1573246844493
}
{ username: 'lilalu_', status: 'FAIL', responseTime: 1573247369543 }
{
  username: 'farshad_9419',
  status: 'FAIL',
  responseTime: 1573248418936
}
{ username: 'kiiibly_', status: 'FAIL', responseTime: 1573250516864 }
{
  username: 'siswantojoevenus',
  status: 'FAIL',
  responseTime: 1573254711960
}
{ username: 'ahh.fresh', status: 'FAIL', responseTime: 1573263101350 }
{ username: 'iammigue_', status: 'FAIL', responseTime: 1573279879347 }
{
  username: 'll.hasna',
  status: 'SUCCESS',
  responseTime: 1573313434591
}
{
  username: 'nawelfire',
  status: 'SUCCESS',
  responseTime: 1573313435408
}
{
  username: 'anastasiia_0508',
  status: 'SUCCESS',
  responseTime: 1573313436005
}
{
  username: '_g.y.a.n_b.a.b.a_',
  status: 'SUCCESS',
  responseTime: 1573313436802
}
{
  username: 'grazyna.szarek.3',
  status: 'SUCCESS',
  responseTime: 1573313437465
}
{
  username: 'em_mens_accessories',
  status: 'SUCCESS',
  responseTime: 1573313438212
}
{ username: 'vyngq', status: 'SUCCESS', responseTime: 1573313439078 }
{
  username: 'katedream87',
  status: 'SUCCESS',
  responseTime: 1573313439852
}
{
  username: 'amann.ismea_',
  status: 'SUCCESS',
  responseTime: 1573313440757
}
{
  username: 'supercretin26',
  status: 'SUCCESS',
  responseTime: 1573313441710
}
{
  username: 'boskamiszkowska',
  status: 'SUCCESS',
  responseTime: 1573313442502
}
{
  username: '_i_am_the_beautiful1',
  status: 'FAIL',
  responseTime: 1573313443060
}
{
  username: 'lena_panova_85',
  status: 'SUCCESS',
  responseTime: 1573313443922
}
{
  username: 'piero_orezzoli_catering',
  status: 'SUCCESS',
  responseTime: 1573313444594
}
{
  username: 'ross.robertson.311',
  status: 'SUCCESS',
  responseTime: 1573313446215
}
{
  username: 'by_the_way_jay',
  status: 'SUCCESS',
  responseTime: 1573313447049
}
{
  username: 'jdgshsjdbdjdieishd',
  status: 'SUCCESS',
  responseTime: 1573313447594
}
{
  username: 'ojocritico',
  status: 'SUCCESS',
  responseTime: 1573313448625
}
{
  username: 'liloo_crochet',
  status: 'SUCCESS',
  responseTime: 1573313449386
}
{
  username: 'bilos_mulumba',
  status: 'SUCCESS',
  responseTime: 1573313450173
}
{
  username: 'karisland.ba',
  status: 'SUCCESS',
  responseTime: 1573313451142
}
{
  username: 'montha.iq',
  status: 'SUCCESS',
  responseTime: 1573313451946
}
{
  username: 'ispirov_igor',
  status: 'SUCCESS',
  responseTime: 1573313452925
}
{
  username: 'vitaminroy',
  status: 'SUCCESS',
  responseTime: 1573313453669
}
{ username: 'ogjules', status: 'SUCCESS', responseTime: 1573313454309 }
{
  username: 'cherishtraveling',
  status: 'FAIL',
  responseTime: 1573313454853
}
{
  username: '561boost',
  status: 'SUCCESS',
  responseTime: 1573313455737
}
{
  username: 'pavithraa.swaminathan',
  status: 'SUCCESS',
  responseTime: 1573313456547
}
{
  username: 'tayabmassaoudi',
  status: 'SUCCESS',
  responseTime: 1573313457201
}
{
  username: 'gracelu13',
  status: 'SUCCESS',
  responseTime: 1573313458149
}
{
  username: 'reputationagency.online',
  status: 'SUCCESS',
  responseTime: 1573313458864
}
{
  username: 'haflinger_herzen',
  status: 'SUCCESS',
  responseTime: 1573313459658
}
{
  username: 'barking.lilly',
  status: 'SUCCESS',
  responseTime: 1573313460523
}
{
  username: 'fordsvtcobra',
  status: 'SUCCESS',
  responseTime: 1573313461085
}
{
  username: 'mohammed_alkharje',
  status: 'SUCCESS',
  responseTime: 1573313461881
}
{
  username: 'dietmar.hetzler',
  status: 'SUCCESS',
  responseTime: 1573313462666
}
{
  username: 'cielo775',
  status: 'SUCCESS',
  responseTime: 1573313463244
}
{
  username: 'souk_indigo',
  status: 'SUCCESS',
  responseTime: 1573313464025
}
{
  username: 'jadegribouille',
  status: 'SUCCESS',
  responseTime: 1573313464821
}
{
  username: 'itscrisssyb',
  status: 'SUCCESS',
  responseTime: 1573313465527
}
{
  username: 'belenlopez12.12',
  status: 'SUCCESS',
  responseTime: 1573313466083
}
{
  username: 'milanmore_accessories',
  status: 'SUCCESS',
  responseTime: 1573313466895
}
{
  username: 'acquario_blu',
  status: 'SUCCESS',
  responseTime: 1573313467741
}
{ username: 'wdhswdtg', status: 'FAIL', responseTime: 1573313468292 }
{
  username: 'inanorreenrunge',
  status: 'SUCCESS',
  responseTime: 1573313469068
}
{
  username: 'treesaregodsnipples',
  status: 'SUCCESS',
  responseTime: 1573313469841
}
{
  username: 'video_eshgholane',
  status: 'FAIL',
  responseTime: 1573313470398
}
{
  username: 'yunng_gun',
  status: 'SUCCESS',
  responseTime: 1573313471248
}
{
  username: 'quedeselegantinho',
  status: 'SUCCESS',
  responseTime: 1573313471943
}
{
  username: 'puppele_h',
  status: 'SUCCESS',
  responseTime: 1573313472729
}
{
  username: 'lavanyacakeshop',
  status: 'SUCCESS',
  responseTime: 1573313473447
}
{
  username: 'yanti.fg',
  status: 'SUCCESS',
  responseTime: 1573313474403
}
{
  username: 'slimcorpsbrasil',
  status: 'SUCCESS',
  responseTime: 1573313475234
}
{
  username: 'tifffayyyyyy',
  status: 'FAIL',
  responseTime: 1573313475782
}
{
  username: 'pineandappleaustralia',
  status: 'SUCCESS',
  responseTime: 1573313476602
}
{
  username: 'bugheadcuddlesxo',
  status: 'SUCCESS',
  responseTime: 1573313477613
}
{
  username: 'lollypatifinna',
  status: 'SUCCESS',
  responseTime: 1573313478629
}
{
  username: 'kai_allelon',
  status: 'SUCCESS',
  responseTime: 1573313479704
}
{ username: 'solmi09', status: 'SUCCESS', responseTime: 1573313480656 }
{
  username: 'rachel_eon_kim',
  status: 'SUCCESS',
  responseTime: 1573313481527
}
{
  username: 'dam_2._.vely',
  status: 'SUCCESS',
  responseTime: 1573313482081
}
{
  username: 'yinjunda',
  status: 'SUCCESS',
  responseTime: 1573313482889
}
{
  username: 'hugojohansen',
  status: 'SUCCESS',
  responseTime: 1573313483502
}
{
  username: 'kang.______.sry',
  status: 'SUCCESS',
  responseTime: 1573313484496
}
{
  username: 'hrkim8553',
  status: 'SUCCESS',
  responseTime: 1573313485154
}
{
  username: 's_s____y',
  status: 'SUCCESS',
  responseTime: 1573313486007
}
{ username: '2ah.in', status: 'SUCCESS', responseTime: 1573313486786 }
{
  username: 'h_pjiyoung',
  status: 'SUCCESS',
  responseTime: 1573313487604
}
{
  username: 'bergenkairatkudai',
  status: 'SUCCESS',
  responseTime: 1573313488157
}
{
  username: 'kkumi_kkami',
  status: 'SUCCESS',
  responseTime: 1573313489085
}
{
  username: '_minsung_v',
  status: 'SUCCESS',
  responseTime: 1573313489960
}
{
  username: '93.163md',
  status: 'SUCCESS',
  responseTime: 1573313490719
}
{
  username: '_beibiixxo',
  status: 'SUCCESS',
  responseTime: 1573313491678
}
{
  username: 'karlantonmacperson',
  status: 'SUCCESS',
  responseTime: 1573313492250
}
{
  username: 'team_de_',
  status: 'SUCCESS',
  responseTime: 1573313493056
}
{
  username: 'blackqinklisa',
  status: 'FAIL',
  responseTime: 1573313493601
}
{
  username: 'manjitang',
  status: 'SUCCESS',
  responseTime: 1573313494170
}
{ username: 'zo_ozjj', status: 'SUCCESS', responseTime: 1573313495122 }
{
  username: '_redlemon',
  status: 'SUCCESS',
  responseTime: 1573313495952
}
{
  username: 'alswn6784',
  status: 'SUCCESS',
  responseTime: 1573313496725
}
{
  username: 'kingaharts',
  status: 'SUCCESS',
  responseTime: 1573313497520
}
{
  username: 'wooleeban',
  status: 'SUCCESS',
  responseTime: 1573313498462
}
{
  username: 'sssireennnnnnn',
  status: 'FAIL',
  responseTime: 1573313499006
}
{
  username: '_ni.cky._',
  status: 'SUCCESS',
  responseTime: 1573313499560
}
{
  username: 'ins_stalker',
  status: 'SUCCESS',
  responseTime: 1573313500098
}
{
  username: 'akeminoya',
  status: 'SUCCESS',
  responseTime: 1573313500860
}
{
  username: 'da_yeon8170',
  status: 'SUCCESS',
  responseTime: 1573313501433
}
{
  username: 'u_j1nchoi',
  status: 'SUCCESS',
  responseTime: 1573313501971
}
{ username: 'j._.dyy', status: 'SUCCESS', responseTime: 1573313502915 }
{
  username: 'de_jouet',
  status: 'SUCCESS',
  responseTime: 1573313503857
}
{ username: 'je_rry6370', status: 'FAIL', responseTime: 1573313504403 }
{
  username: 'zmj13413505',
  status: 'SUCCESS',
  responseTime: 1573313505132
}
{ username: 'sol_.v', status: 'SUCCESS', responseTime: 1573313505721 }
{
  username: 'h_jeong_h',
  status: 'SUCCESS',
  responseTime: 1573313506466
}
{ username: '_l.j.y', status: 'SUCCESS', responseTime: 1573313507301 }
{
  username: 'luffyzoroace',
  status: 'SUCCESS',
  responseTime: 1573313507861
}
{
  username: 'nts___jessica_st',
  status: 'SUCCESS',
  responseTime: 1573313508759
}
{
  username: 'gosiaczek2255',
  status: 'SUCCESS',
  responseTime: 1573313509750
}
{
  username: 'dabin_l_92',
  status: 'SUCCESS',
  responseTime: 1573313510317
}
{
  username: 'nabilwrld',
  status: 'SUCCESS',
  responseTime: 1573313511145
}
{
  username: 'nokizzang',
  status: 'SUCCESS',
  responseTime: 1573313511990
}
{
  username: 'chulyoung_',
  status: 'SUCCESS',
  responseTime: 1573313512533
}
{
  username: 'hg____00',
  status: 'SUCCESS',
  responseTime: 1573313513233
}
{
  username: 'nazmul_520',
  status: 'SUCCESS',
  responseTime: 1573313513829
}
{
  username: 'jinseong7835',
  status: 'SUCCESS',
  responseTime: 1573313514399
}
{
  username: 'daeheee_e',
  status: 'SUCCESS',
  responseTime: 1573313515047
}
{
  username: 'qwheein96',
  status: 'SUCCESS',
  responseTime: 1573313515607
}
{
  username: 'atommychandra',
  status: 'SUCCESS',
  responseTime: 1573313516184
}
{ username: '21ee__', status: 'SUCCESS', responseTime: 1573313517482 }
{
  username: 'mini_0919',
  status: 'SUCCESS',
  responseTime: 1573313518075
}
{
  username: '0_youngyoung_0',
  status: 'SUCCESS',
  responseTime: 1573313518638
}
{
  username: 'hye_seon_34',
  status: 'SUCCESS',
  responseTime: 1573313519206
}
{
  username: 'lee_hj8310',
  status: 'SUCCESS',
  responseTime: 1573313520179
}
{
  username: 'eun.a_41',
  status: 'SUCCESS',
  responseTime: 1573313520737
}
{
  username: 'e_noom_siki_ya',
  status: 'SUCCESS',
  responseTime: 1573313521618
}
{
  username: 'l_hl__102',
  status: 'SUCCESS',
  responseTime: 1573313522178
}
{
  username: 'seonduya',
  status: 'SUCCESS',
  responseTime: 1573313523147
}
{ username: 'yujin_apf', status: 'FAIL', responseTime: 1573313523704 }
{
  username: 'sun_hwa.03',
  status: 'SUCCESS',
  responseTime: 1573313524284
}
{
  username: 'ji__wo__o',
  status: 'SUCCESS',
  responseTime: 1573313524863
}
{
  username: 'travelaaalice',
  status: 'SUCCESS',
  responseTime: 1573313525735
}
{
  username: 'sajeokinbookshop',
  status: 'SUCCESS',
  responseTime: 1573313526586
}
{
  username: 'ghena_114',
  status: 'SUCCESS',
  responseTime: 1573313527549
}
{
  username: 'aniket_zende_2559',
  status: 'SUCCESS',
  responseTime: 1573313528507
}
{
  username: 'nico_hoom',
  status: 'SUCCESS',
  responseTime: 1573313529333
}
{
  username: 'theamsingh',
  status: 'SUCCESS',
  responseTime: 1573313530190
}
{
  username: 'alizarghami',
  status: 'SUCCESS',
  responseTime: 1573313530831
}
{
  username: 'obeezy45',
  status: 'SUCCESS',
  responseTime: 1573313531557
}
{
  username: 'andrea_m_m',
  status: 'SUCCESS',
  responseTime: 1573313532333
}
{
  username: 'urbanremedy',
  status: 'SUCCESS',
  responseTime: 1573313533182
}
{
  username: 'leonardo.papera',
  status: 'SUCCESS',
  responseTime: 1573313533980
}
{
  username: 'crochet.meselesi',
  status: 'SUCCESS',
  responseTime: 1573313534878
}
{
  username: 'rileyrose',
  status: 'SUCCESS',
  responseTime: 1573313535919
}
{
  username: 'elenochkka',
  status: 'SUCCESS',
  responseTime: 1573313536810
}
{
  username: 'thematsanity',
  status: 'SUCCESS',
  responseTime: 1573313537615
}
{
  username: 'velocityprecision',
  status: 'SUCCESS',
  responseTime: 1573313538463
}
{
  username: 'l.alemdaroglu',
  status: 'SUCCESS',
  responseTime: 1573313539232
}
{
  username: 'thetravelingdudes',
  status: 'SUCCESS',
  responseTime: 1573313540113
}
{
  username: 'love_my_gmt',
  status: 'SUCCESS',
  responseTime: 1573313540910
}
{
  username: 'danielle__elise',
  status: 'SUCCESS',
  responseTime: 1573313541771
}
{
  username: 'melodycross',
  status: 'SUCCESS',
  responseTime: 1573313542539
}
{
  username: 'mamajastado',
  status: 'SUCCESS',
  responseTime: 1573313543384
}
{
  username: 'amany201433',
  status: 'SUCCESS',
  responseTime: 1573313544171
}
{ username: '_.cc1', status: 'SUCCESS', responseTime: 1573313544940 }
{
  username: '_._najiya__najim_._',
  status: 'FAIL',
  responseTime: 1573313545496
}
{ username: 'jbft', status: 'SUCCESS', responseTime: 1573313546242 }
{
  username: 'emilyeveryday',
  status: 'SUCCESS',
  responseTime: 1573313547024
}
{
  username: 'alalia_collection',
  status: 'SUCCESS',
  responseTime: 1573313547686
}
{
  username: 'crystalkennings',
  status: 'SUCCESS',
  responseTime: 1573313548445
}
{
  username: 'suv_world',
  status: 'SUCCESS',
  responseTime: 1573313549214
}
{
  username: 'alynasilva',
  status: 'SUCCESS',
  responseTime: 1573313549977
}
{
  username: 'rapid_space',
  status: 'SUCCESS',
  responseTime: 1573313550727
}
{
  username: 'arianacarpenter',
  status: 'SUCCESS',
  responseTime: 1573313551829
}
{
  username: 'vvesnaleto',
  status: 'SUCCESS',
  responseTime: 1573313552704
}
{
  username: 'ainesanchez1',
  status: 'FAIL',
  responseTime: 1573313553269
}
{
  username: 'pgatour_korea',
  status: 'SUCCESS',
  responseTime: 1573313554047
}
{
  username: 'aiman_minal_edits',
  status: 'SUCCESS',
  responseTime: 1573313554839
}
{
  username: 'shriefrayiys',
  status: 'FAIL',
  responseTime: 1573313555385
}
{
  username: 'mezon_paniz_aros',
  status: 'SUCCESS',
  responseTime: 1573313556250
}
{
  username: 'rintalkworldwide',
  status: 'FAIL',
  responseTime: 1573313556810
}
{ username: '90.l7', status: 'SUCCESS', responseTime: 1573313557360 }
{
  username: 'budnetta',
  status: 'SUCCESS',
  responseTime: 1573313558170
}
{
  username: 'tata_shevtsova',
  status: 'SUCCESS',
  responseTime: 1573313559011
}
{
  username: 'mylothecat',
  status: 'SUCCESS',
  responseTime: 1573313559767
}
{
  username: 'kumar_aditya143',
  status: 'SUCCESS',
  responseTime: 1573313560496
}
{
  username: 'majidghahremanan1',
  status: 'SUCCESS',
  responseTime: 1573313561263
}
{
  username: '_minbokyung',
  status: 'SUCCESS',
  responseTime: 1573313562089
}
{
  username: 'chicos.bellos.aki',
  status: 'SUCCESS',
  responseTime: 1573313563096
}
{
  username: 'armanbashiri',
  status: 'SUCCESS',
  responseTime: 1573313563892
}
{
  username: 'goran_mitrov',
  status: 'SUCCESS',
  responseTime: 1573313564716
}
{
  username: 'modecachecache',
  status: 'SUCCESS',
  responseTime: 1573313565519
}
{
  username: 'mysoulmateplace',
  status: 'SUCCESS',
  responseTime: 1573313566376
}
{
  username: 'natkorol',
  status: 'SUCCESS',
  responseTime: 1573313567404
}
{
  username: 'ask__meleyi__14',
  status: 'SUCCESS',
  responseTime: 1573313568043
}
{
  username: 'msmarissajade',
  status: 'SUCCESS',
  responseTime: 1573313568945
}
{
  username: 'ana_espinola_b',
  status: 'SUCCESS',
  responseTime: 1573313569720
}
{
  username: 'macklesome',
  status: 'SUCCESS',
  responseTime: 1573313570490
}
{
  username: 'saidalla_',
  status: 'SUCCESS',
  responseTime: 1573313571267
}
{
  username: 'woolf.gang',
  status: 'SUCCESS',
  responseTime: 1573313571884
}
{
  username: 'retouchingpanels',
  status: 'SUCCESS',
  responseTime: 1573313572698
}
{
  username: 'howto.makeup',
  status: 'SUCCESS',
  responseTime: 1573313573530
}
{
  username: 'angeliquepretorius',
  status: 'SUCCESS',
  responseTime: 1573313574505
}
{
  username: 'shellheadx',
  status: 'SUCCESS',
  responseTime: 1573313575731
}
{
  username: 'mviouscosplay',
  status: 'SUCCESS',
  responseTime: 1573313576587
}
{
  username: 'nico.barral',
  status: 'SUCCESS',
  responseTime: 1573313577367
}
{
  username: 'boulcs99',
  status: 'SUCCESS',
  responseTime: 1573313577918
}
{
  username: 'sadniwch',
  status: 'SUCCESS',
  responseTime: 1573313578484
}
{
  username: 'hongjeong_yoo',
  status: 'SUCCESS',
  responseTime: 1573313579475
}
{ username: '525kg', status: 'SUCCESS', responseTime: 1573313580262 }
{
  username: 'jessie_xx021213',
  status: 'SUCCESS',
  responseTime: 1573313581217
}
{
  username: 'hawkeygirl25',
  status: 'FAIL',
  responseTime: 1573313581775
}
{
  username: 'yezeniaramos',
  status: 'SUCCESS',
  responseTime: 1573313582510
}
{
  username: 'nonplusgus',
  status: 'SUCCESS',
  responseTime: 1573313583281
}
{ username: 'farawla223', status: 'FAIL', responseTime: 1573313583841 }
{
  username: 'rivariart',
  status: 'SUCCESS',
  responseTime: 1573313584663
}
{
  username: 'ahmedbello_arewa24',
  status: 'SUCCESS',
  responseTime: 1573313585451
}
{
  username: 'teachingmensfashion',
  status: 'SUCCESS',
  responseTime: 1573313586322
}
{
  username: 'jtennant13',
  status: 'SUCCESS',
  responseTime: 1573313587026
}
{
  username: 'guskinglet',
  status: 'SUCCESS',
  responseTime: 1573313587610
}
{
  username: '1383mohamad.a',
  status: 'FAIL',
  responseTime: 1573313588151
}
{
  username: 'aliona_cht',
  status: 'SUCCESS',
  responseTime: 1573313589018
}
{
  username: 'evkeyfim',
  status: 'SUCCESS',
  responseTime: 1573313589739
}
{
  username: '_bonyoung2',
  status: 'SUCCESS',
  responseTime: 1573313590573
}
{ username: 'ilxe9_', status: 'SUCCESS', responseTime: 1573313591455 }
{
  username: 'mamunia_coruni',
  status: 'SUCCESS',
  responseTime: 1573313592189
}
{
  username: '4alicetera',
  status: 'SUCCESS',
  responseTime: 1573313592764
}
{ username: 'sinezka', status: 'SUCCESS', responseTime: 1573313593491 }
{
  username: 'leahfjack',
  status: 'SUCCESS',
  responseTime: 1573313594142
}
{
  username: 'hershelterfromthestorm',
  status: 'SUCCESS',
  responseTime: 1573313594870
}
{
  username: 'alexxmaraa',
  status: 'SUCCESS',
  responseTime: 1573313595685
}
{
  username: 'ikekeidi',
  status: 'SUCCESS',
  responseTime: 1573313596871
}
{
  username: 'jayclewis12',
  status: 'SUCCESS',
  responseTime: 1573313597704
}
{
  username: 'bodybling.jewelry',
  status: 'SUCCESS',
  responseTime: 1573313598504
}
{
  username: 'laralive2lift',
  status: 'SUCCESS',
  responseTime: 1573313599363
}
{ username: 'hejego', status: 'SUCCESS', responseTime: 1573313600038 }
{
  username: 'narendrabaria2132',
  status: 'SUCCESS',
  responseTime: 1573313600895
}
{ username: '__lilli', status: 'SUCCESS', responseTime: 1573313601709 }
{
  username: 'thefameplug',
  status: 'SUCCESS',
  responseTime: 1573313602350
}
{
  username: 'soave_bom',
  status: 'SUCCESS',
  responseTime: 1573313603552
}
{ username: 'xxnadae', status: 'SUCCESS', responseTime: 1573313604427 }
{
  username: 'reem240__',
  status: 'SUCCESS',
  responseTime: 1573313605190
}
{
  username: 'adelebayy',
  status: 'SUCCESS',
  responseTime: 1573313606049
}
{
  username: 'k9gunnertactical',
  status: 'SUCCESS',
  responseTime: 1573313607162
}
{
  username: 'upslimedown',
  status: 'SUCCESS',
  responseTime: 1573313607964
}
{ username: 'khodromall', status: 'FAIL', responseTime: 1573313608741 }
{
  username: 'paulettedittout',
  status: 'FAIL',
  responseTime: 1573313609546
}
{
  username: 'sushitraveler',
  status: 'FAIL',
  responseTime: 1573313610342
}
{
  username: 'brickcityvillin',
  status: 'FAIL',
  responseTime: 1573313611124
}
{
  username: 'lenadietolog',
  status: 'FAIL',
  responseTime: 1573313611930
}
{ username: 'x0x0t0k', status: 'FAIL', responseTime: 1573313612752 }
{ username: '222do', status: 'FAIL', responseTime: 1573313613608 }
{
  username: 'koreadorama.rus',
  status: 'FAIL',
  responseTime: 1573313614514
}
{
  username: 'aaftab_alam_07',
  status: 'FAIL',
  responseTime: 1573313615545
}
{ username: 'yuzu.pyon', status: 'FAIL', responseTime: 1573313616860 }
{ username: 'apple07105', status: 'FAIL', responseTime: 1573313618662 }
{ username: 'soyalina', status: 'FAIL', responseTime: 1573313621507 }
{ username: 'farahmagi', status: 'FAIL', responseTime: 1573313626392 }
{ username: 'comagatte', status: 'FAIL', responseTime: 1573313635368 }
{
  username: 'spanishtranslatorlondon',
  status: 'FAIL',
  responseTime: 1573313652526
}
{ username: 'k23670j', status: 'FAIL', responseTime: 1573313686098 }
{
  username: 'christbellardniyongabo',
  status: 'FAIL',
  responseTime: 1573313753002
}
{
  username: 'hediiiikara',
  status: 'FAIL',
  responseTime: 1573313885545
}
{
  username: 'vieiraelisa',
  status: 'FAIL',
  responseTime: 1573314149061
}
{ username: 'rena_iput', status: 'FAIL', responseTime: 1573314674136 }
{
  username: 'salman.choclety.boy',
  status: 'FAIL',
  responseTime: 1573315724086
}
{
  username: 'mr.breanz._',
  status: 'FAIL',
  responseTime: 1573317822636
}
{
  username: 'sjoerdbracke',
  status: 'FAIL',
  responseTime: 1573322017727
}
{
  username: 'terabanjaunga',
  status: 'SUCCESS',
  responseTime: 1573330407849
}
{
  username: 'maaike.v.dijk',
  status: 'FAIL',
  responseTime: 1573330408828
}
{
  username: 'sarandaabekteshi',
  status: 'SUCCESS',
  responseTime: 1573330409995
}
{
  username: 'ilusionviajera',
  status: 'SUCCESS',
  responseTime: 1573330411137
}
{
  username: 'malika__artist',
  status: 'SUCCESS',
  responseTime: 1573330412487
}
{
  username: 'scd_marathi',
  status: 'SUCCESS',
  responseTime: 1573330413743
}
{
  username: 'marketstreetlynnfield',
  status: 'SUCCESS',
  responseTime: 1573330414986
}
{
  username: 'official_jafar_king',
  status: 'SUCCESS',
  responseTime: 1573330416144
}
{
  username: 'fashiondivas.shop',
  status: 'FAIL',
  responseTime: 1573330417123
}
{
  username: 'tokyo_tatami',
  status: 'SUCCESS',
  responseTime: 1573330418467
}
{ username: 'jjuun.p', status: 'SUCCESS', responseTime: 1573330419663 }
{
  username: 'millkdaddi',
  status: 'SUCCESS',
  responseTime: 1573330421049
}
{
  username: 'girlafikir',
  status: 'SUCCESS',
  responseTime: 1573330422221
}
{
  username: 'sup3rsami',
  status: 'SUCCESS',
  responseTime: 1573330423092
}
{
  username: 'pineda_suleyma',
  status: 'SUCCESS',
  responseTime: 1573330424134
}
{
  username: 'maciej.sulecki',
  status: 'SUCCESS',
  responseTime: 1573330424896
}
{
  username: 'andrewjennings',
  status: 'SUCCESS',
  responseTime: 1573330425740
}
{
  username: 'idolcidigulliver',
  status: 'SUCCESS',
  responseTime: 1573330426465
}
{
  username: 'c.cassiosilva',
  status: 'SUCCESS',
  responseTime: 1573330427435
}
{
  username: 'renkli_ignemm',
  status: 'SUCCESS',
  responseTime: 1573330428232
}
{
  username: 'flhomechef',
  status: 'SUCCESS',
  responseTime: 1573330429093
}
{
  username: 'ssvi.llc',
  status: 'SUCCESS',
  responseTime: 1573330430112
}
{
  username: 'cocoangel_closet',
  status: 'SUCCESS',
  responseTime: 1573330431186
}
{
  username: 'jonghyuw',
  status: 'SUCCESS',
  responseTime: 1573330432224
}
{
  username: 'bellamoda.ru',
  status: 'SUCCESS',
  responseTime: 1573330433259
}
{
  username: 'daishawnh',
  status: 'SUCCESS',
  responseTime: 1573330434035
}
{
  username: 'taylorthoits',
  status: 'SUCCESS',
  responseTime: 1573330434753
}
{
  username: 'turquoiseandtobacco',
  status: 'SUCCESS',
  responseTime: 1573330435520
}
{
  username: 'geotravelings',
  status: 'SUCCESS',
  responseTime: 1573330436380
}
{
  username: 'shimycatsmua',
  status: 'SUCCESS',
  responseTime: 1573330437371
}
{ username: 'noakeen', status: 'SUCCESS', responseTime: 1573330438280 }
{
  username: 'netakaya_i',
  status: 'SUCCESS',
  responseTime: 1573330439263
}
{
  username: 'steeliteusa',
  status: 'SUCCESS',
  responseTime: 1573330442022
}
{
  username: 'estelabexiga',
  status: 'SUCCESS',
  responseTime: 1573330442803
}
{ username: 'i.nowq', status: 'SUCCESS', responseTime: 1573330443348 }
{
  username: 'hfc_joaj',
  status: 'SUCCESS',
  responseTime: 1573330444121
}
{
  username: 'crazynesss_media',
  status: 'SUCCESS',
  responseTime: 1573330444920
}
{
  username: 'soinica36',
  status: 'SUCCESS',
  responseTime: 1573330445560
}
{ username: 'wv1999', status: 'SUCCESS', responseTime: 1573330446240 }
{
  username: 'noodle_.master',
  status: 'FAIL',
  responseTime: 1573330446879
}
{ username: 'wom8', status: 'SUCCESS', responseTime: 1573330447645 }
{
  username: 'arezoo.sabtii',
  status: 'SUCCESS',
  responseTime: 1573330448232
}
{
  username: 'iavgaevaalina',
  status: 'FAIL',
  responseTime: 1573330448771
}
{
  username: 'dionnekaliisa',
  status: 'SUCCESS',
  responseTime: 1573330449768
}
{
  username: 'karstensuwe.uk',
  status: 'SUCCESS',
  responseTime: 1573330450570
}
{
  username: 'ilve2sing',
  status: 'SUCCESS',
  responseTime: 1573330451284
}
{
  username: 'maltese_luna19',
  status: 'SUCCESS',
  responseTime: 1573330452190
}
{
  username: 'on_the_way_salam_x',
  status: 'SUCCESS',
  responseTime: 1573330453062
}
{
  username: 'kick.black',
  status: 'SUCCESS',
  responseTime: 1573330453902
}
{
  username: 'samgraystyle',
  status: 'SUCCESS',
  responseTime: 1573330454777
}
{ username: 'geico17', status: 'SUCCESS', responseTime: 1573330455673 }
{
  username: 'amazingsparkle',
  status: 'SUCCESS',
  responseTime: 1573330456612
}
{
  username: 'i_elaf00',
  status: 'SUCCESS',
  responseTime: 1573330457477
}
{
  username: 'np_britt',
  status: 'SUCCESS',
  responseTime: 1573330459184
}
{
  username: 'everblack_ink',
  status: 'SUCCESS',
  responseTime: 1573330459956
}
{
  username: 'angeliayupita',
  status: 'SUCCESS',
  responseTime: 1573330460552
}
{
  username: 'darinakaraulova',
  status: 'SUCCESS',
  responseTime: 1573330461228
}
{
  username: 'tanyakumar0098',
  status: 'SUCCESS',
  responseTime: 1573330462048
}
{
  username: 'corkysgarden',
  status: 'SUCCESS',
  responseTime: 1573330462850
}
{
  username: 'marwaabusamra8',
  status: 'SUCCESS',
  responseTime: 1573330463688
}
{
  username: 'cosplay_lover10',
  status: 'SUCCESS',
  responseTime: 1573330464531
}
{
  username: '_schneefrau',
  status: 'SUCCESS',
  responseTime: 1573330465162
}
{
  username: 'solllls2',
  status: 'SUCCESS',
  responseTime: 1573330466261
}
{
  username: 'slime_gina_',
  status: 'SUCCESS',
  responseTime: 1573330467375
}
{
  username: 'inthemode_',
  status: 'SUCCESS',
  responseTime: 1573330468167
}
{ username: '35.a', status: 'SUCCESS', responseTime: 1573330468989 }
{
  username: 'yeseul0104',
  status: 'SUCCESS',
  responseTime: 1573330469748
}
{
  username: 'alessioconvito',
  status: 'SUCCESS',
  responseTime: 1573330470595
}
{
  username: 'biedniakov',
  status: 'SUCCESS',
  responseTime: 1573330471480
}
{
  username: 'ryan_spiteri',
  status: 'SUCCESS',
  responseTime: 1573330472502
}
{
  username: 'nighttempo',
  status: 'SUCCESS',
  responseTime: 1573330473534
}
{
  username: 'clara_heng',
  status: 'SUCCESS',
  responseTime: 1573330474348
}
{
  username: 'mimigotik',
  status: 'SUCCESS',
  responseTime: 1573330475271
}
{
  username: 'lettucebythepound',
  status: 'SUCCESS',
  responseTime: 1573330476027
}
{
  username: 'kellychildsxo',
  status: 'SUCCESS',
  responseTime: 1573330477242
}
{
  username: 'samuelburnsphotography',
  status: 'SUCCESS',
  responseTime: 1573330478283
}
{
  username: 'pasargad_designers',
  status: 'SUCCESS',
  responseTime: 1573330479025
}
{
  username: 'philippine.islands',
  status: 'SUCCESS',
  responseTime: 1573330479777
}
{
  username: 'konop1ya',
  status: 'SUCCESS',
  responseTime: 1573330480518
}
{
  username: 'chrisellelimcollection',
  status: 'SUCCESS',
  responseTime: 1573330481274
}
{
  username: 'indiegocinema',
  status: 'SUCCESS',
  responseTime: 1573330482119
}
{
  username: 'tifannywilly',
  status: 'SUCCESS',
  responseTime: 1573330482940
}
{
  username: 'officialcatswag',
  status: 'SUCCESS',
  responseTime: 1573330484187
}
{
  username: 'balibu_onlineshop',
  status: 'SUCCESS',
  responseTime: 1573330484950
}
{
  username: 'jbslingscars',
  status: 'SUCCESS',
  responseTime: 1573330485687
}
{
  username: 'paolaalonsooo',
  status: 'SUCCESS',
  responseTime: 1573330486531
}
{
  username: 'worntoadorn',
  status: 'SUCCESS',
  responseTime: 1573330487313
}
{
  username: 'cakesparadise',
  status: 'SUCCESS',
  responseTime: 1573330488185
}
{
  username: 'jun.furusawa',
  status: 'SUCCESS',
  responseTime: 1573330489123
}
{ username: 'k29q8', status: 'SUCCESS', responseTime: 1573330489676 }
{
  username: 'melvindiggs_',
  status: 'SUCCESS',
  responseTime: 1573330490431
}
{ username: 'fpa2', status: 'SUCCESS', responseTime: 1573330491321 }
{
  username: 'zanerobe',
  status: 'SUCCESS',
  responseTime: 1573330492121
}
{
  username: 'widyaindahn',
  status: 'SUCCESS',
  responseTime: 1573330492906
}
{
  username: 'artsper_',
  status: 'SUCCESS',
  responseTime: 1573330493666
}
{ username: 'kvdenn', status: 'SUCCESS', responseTime: 1573330494384 }
{
  username: 'behzadsalimi.music',
  status: 'FAIL',
  responseTime: 1573330494922
}
{
  username: 'sheherbano_awan',
  status: 'SUCCESS',
  responseTime: 1573330495693
}
{
  username: 'ma___h28',
  status: 'SUCCESS',
  responseTime: 1573330496583
}
{ username: 'enggthu', status: 'SUCCESS', responseTime: 1573330497500 }
{
  username: 'lpgarconne',
  status: 'SUCCESS',
  responseTime: 1573330498347
}
{ username: 'tjm_aa_', status: 'SUCCESS', responseTime: 1573330499345 }
{ username: 'yuk1nu', status: 'SUCCESS', responseTime: 1573330500177 }
{
  username: 'elevensixtysix',
  status: 'FAIL',
  responseTime: 1573330500979
}
{
  username: 'mozhgan.hatamii',
  status: 'FAIL',
  responseTime: 1573330501759
}
{ username: 'flora9ys', status: 'FAIL', responseTime: 1573330502543 }
{
  username: 'saltycaramelchew',
  status: 'FAIL',
  responseTime: 1573330503337
}
{
  username: 'how2be_rich',
  status: 'FAIL',
  responseTime: 1573330504147
}
{ username: 'de.kalash', status: 'FAIL', responseTime: 1573330504976 }
{ username: 'yukimago', status: 'FAIL', responseTime: 1573330505831 }
{
  username: 'devesiofficial',
  status: 'FAIL',
  responseTime: 1573330506751
}
{ username: 'haha_ski', status: 'FAIL', responseTime: 1573330507791 }
{
  username: 'tamerabeardsley',
  status: 'FAIL',
  responseTime: 1573330509101
}
{
  username: 'nataliapetrowa220',
  status: 'FAIL',
  responseTime: 1573330510900
}
{
  username: 'dancingastro',
  status: 'FAIL',
  responseTime: 1573330513729
}
{ username: 'mcds17', status: 'FAIL', responseTime: 1573330518620 }
{ username: 'titeryon', status: 'FAIL', responseTime: 1573330527623 }
{
  username: 'burmistrov_ddd',
  status: 'FAIL',
  responseTime: 1573330544800
}
{
  username: 'missashleydenisee',
  status: 'FAIL',
  responseTime: 1573330578350
}
{
  username: 'franfitnhealthy',
  status: 'FAIL',
  responseTime: 1573330644676
}
{ username: 'roman.v3', status: 'FAIL', responseTime: 1573330777106 }
{ username: 'heleneice', status: 'FAIL', responseTime: 1573331040059 }
{
  username: 'deliciousfitnessonline',
  status: 'FAIL',
  responseTime: 1573331565469
}
{
  username: 'nabeelkhanofficial',
  status: 'FAIL',
  responseTime: 1573332615409
}
{
  username: 'artemes_official',
  status: 'FAIL',
  responseTime: 1573334713345
}
{
  username: 'chique_and_lifestyle',
  status: 'FAIL',
  responseTime: 1573338908440
}
{
  username: 'serenitystudy',
  status: 'FAIL',
  responseTime: 1573347297930
}
{
  username: 'goodygeezy',
  status: 'SUCCESS',
  responseTime: 1573364075954
}
{
  username: 'the_honeymoonlusters',
  status: 'SUCCESS',
  responseTime: 1573364076841
}
{
  username: 'bikinirepublikoficial',
  status: 'SUCCESS',
  responseTime: 1573364077556
}
{
  username: 'dailylitart',
  status: 'SUCCESS',
  responseTime: 1573364078507
}
{
  username: 'kat.e.na',
  status: 'SUCCESS',
  responseTime: 1573364079424
}
{
  username: 'kadyschroeder',
  status: 'SUCCESS',
  responseTime: 1573364080126
}
{
  username: 'adrian.d.d',
  status: 'SUCCESS',
  responseTime: 1573364080863
}
{
  username: 'zakimaulanax',
  status: 'SUCCESS',
  responseTime: 1573364081438
}
{
  username: 'hoho.0131',
  status: 'SUCCESS',
  responseTime: 1573364082184
}
{ username: 'lau__89', status: 'SUCCESS', responseTime: 1573364082864 }
{
  username: 'goldsteinyefela',
  status: 'SUCCESS',
  responseTime: 1573364083420
}
{
  username: 'kotyusha',
  status: 'SUCCESS',
  responseTime: 1573364084885
}
{
  username: 'mgn_kppl',
  status: 'SUCCESS',
  responseTime: 1573364085436
}
{
  username: 'eating_with_shea',
  status: 'SUCCESS',
  responseTime: 1573364086367
}
{
  username: 'ashkash_07',
  status: 'SUCCESS',
  responseTime: 1573364087113
}
{
  username: '520520_lala',
  status: 'SUCCESS',
  responseTime: 1573364087739
}
{
  username: 'mario_c50552',
  status: 'SUCCESS',
  responseTime: 1573364088486
}
{
  username: 'kathrinzyrus',
  status: 'SUCCESS',
  responseTime: 1573364089492
}
{
  username: 'giovanniroselli',
  status: 'SUCCESS',
  responseTime: 1573364090258
}
{
  username: 'meruert_110700',
  status: 'SUCCESS',
  responseTime: 1573364091033
}
{
  username: 'nezahat5361',
  status: 'SUCCESS',
  responseTime: 1573364091786
}
{
  username: 'raja_sami_king',
  status: 'SUCCESS',
  responseTime: 1573364092875
}
{
  username: 'tanveesaurus.rex',
  status: 'SUCCESS',
  responseTime: 1573364094156
}
{ username: 'kasradz', status: 'SUCCESS', responseTime: 1573364095301 }
{
  username: 'jayy.official__',
  status: 'SUCCESS',
  responseTime: 1573364096498
}
{
  username: 'tina_34_2018',
  status: 'SUCCESS',
  responseTime: 1573364097699
}
{ username: 'y_n5_', status: 'SUCCESS', responseTime: 1573364098846 }
{
  username: 'jalen.chuan',
  status: 'SUCCESS',
  responseTime: 1573364099774
}
{
  username: 'kolisi_2506',
  status: 'SUCCESS',
  responseTime: 1573364100795
}
{
  username: 'chris51315',
  status: 'SUCCESS',
  responseTime: 1573364101902
}
{ username: 'seyommi', status: 'SUCCESS', responseTime: 1573364103128 }
{
  username: 'gissellediego',
  status: 'SUCCESS',
  responseTime: 1573364104762
}
{ username: 'robo_13', status: 'SUCCESS', responseTime: 1573364105846 }
{
  username: 'lyndsooo',
  status: 'SUCCESS',
  responseTime: 1573364106954
}
{
  username: 'livelearnloveschool',
  status: 'SUCCESS',
  responseTime: 1573364108424
}
{
  username: 'behrammehrremov',
  status: 'SUCCESS',
  responseTime: 1573364109393
}
{
  username: 'taqat_18',
  status: 'SUCCESS',
  responseTime: 1573364110697
}
{
  username: 'rezedulya1808',
  status: 'SUCCESS',
  responseTime: 1573364111914
}
{
  username: '_kirx.27_',
  status: 'SUCCESS',
  responseTime: 1573364112821
}
{
  username: 'majhsander',
  status: 'SUCCESS',
  responseTime: 1573364113901
}
{
  username: 'raaylambert',
  status: 'SUCCESS',
  responseTime: 1573364114969
}
{
  username: 'sabrina_melissa',
  status: 'SUCCESS',
  responseTime: 1573364116047
}
{
  username: 'justintime2grow',
  status: 'SUCCESS',
  responseTime: 1573364117233
}
{
  username: 'brigant.bruno',
  status: 'SUCCESS',
  responseTime: 1573364118283
}
{
  username: 'itzlexigirl9',
  status: 'SUCCESS',
  responseTime: 1573364119967
}
{ username: 'jwlqv', status: 'SUCCESS', responseTime: 1573364120895 }
{
  username: 'j9cardstock',
  status: 'SUCCESS',
  responseTime: 1573364122049
}
{
  username: 'flamingo_botic',
  status: 'SUCCESS',
  responseTime: 1573364123072
}
{ username: 'rlpnd', status: 'FAIL', responseTime: 1573364124145 }
{
  username: '__iphone.lover__',
  status: 'SUCCESS',
  responseTime: 1573364125122
}
{
  username: 'meine.villa.kunterbunt',
  status: 'SUCCESS',
  responseTime: 1573364126473
}
{
  username: 'morsal_ka65',
  status: 'SUCCESS',
  responseTime: 1573364127405
}
{
  username: 'chloeharry5178',
  status: 'SUCCESS',
  responseTime: 1573364128386
}
{
  username: 'incredibeez',
  status: 'SUCCESS',
  responseTime: 1573364129432
}
{
  username: 'official.lee',
  status: 'SUCCESS',
  responseTime: 1573364130615
}
{
  username: 'marcelapanossi',
  status: 'SUCCESS',
  responseTime: 1573364131637
}
{
  username: 'jacquelyns_miles',
  status: 'SUCCESS',
  responseTime: 1573364132768
}
{
  username: 'shayan_salehi1379',
  status: 'SUCCESS',
  responseTime: 1573364133906
}
{
  username: 'guerrero192011',
  status: 'SUCCESS',
  responseTime: 1573364134853
}
{
  username: 'kwin_marimar',
  status: 'SUCCESS',
  responseTime: 1573364135784
}
{
  username: 'hoyoung170',
  status: 'SUCCESS',
  responseTime: 1573364137268
}
{
  username: 'xx_fatma_',
  status: 'SUCCESS',
  responseTime: 1573364138482
}
{
  username: 'umjiya__a',
  status: 'SUCCESS',
  responseTime: 1573364139575
}
{
  username: 'nail_migi',
  status: 'SUCCESS',
  responseTime: 1573364140663
}
{
  username: 'grayroom_',
  status: 'SUCCESS',
  responseTime: 1573364141821
}
{
  username: '1day1scene',
  status: 'SUCCESS',
  responseTime: 1573364143108
}
{ username: 'nari__k', status: 'SUCCESS', responseTime: 1573364144276 }
{
  username: 'dongminism',
  status: 'SUCCESS',
  responseTime: 1573364145388
}
{ username: 'cnrm02', status: 'SUCCESS', responseTime: 1573364146975 }
{
  username: 'withjsindonesia',
  status: 'SUCCESS',
  responseTime: 1573364148205
}
{
  username: 'chanel.beauty.korea',
  status: 'SUCCESS',
  responseTime: 1573364149121
}
{
  username: 'cmnmstudio',
  status: 'SUCCESS',
  responseTime: 1573364149907
}
{
  username: 'wit_bakery',
  status: 'SUCCESS',
  responseTime: 1573364150637
}
{
  username: 'lavieenbluu',
  status: 'SUCCESS',
  responseTime: 1573364151358
}
{ username: 'nagoyahot', status: 'FAIL', responseTime: 1573364151903 }
{
  username: 'luckychouette7',
  status: 'SUCCESS',
  responseTime: 1573364152677
}
{ username: 'j.from_', status: 'SUCCESS', responseTime: 1573364153412 }
{
  username: 'bakyunjin',
  status: 'SUCCESS',
  responseTime: 1573364154297
}
{ username: 'sunhye1439', status: 'FAIL', responseTime: 1573364155078 }
{ username: 'gangsyong', status: 'FAIL', responseTime: 1573364155882 }
{ username: 'ajabto05', status: 'FAIL', responseTime: 1573364156657 }
{ username: 'jjjadeland', status: 'FAIL', responseTime: 1573364157445 }
{ username: 'vnok_', status: 'FAIL', responseTime: 1573364158250 }
{ username: 'maro_kim', status: 'FAIL', responseTime: 1573364159060 }
{ username: 'xugang77', status: 'FAIL', responseTime: 1573364159928 }
{
  username: 'corgi_gifted',
  status: 'FAIL',
  responseTime: 1573364160837
}
{
  username: 'dorothyhaewon',
  status: 'FAIL',
  responseTime: 1573364161857
}
{
  username: 'mai_thanh_van',
  status: 'FAIL',
  responseTime: 1573364163154
}
{ username: '11.24mk', status: 'FAIL', responseTime: 1573364164963 }
{
  username: 'hongjjimojji',
  status: 'FAIL',
  responseTime: 1573364167771
}
{ username: '_pororokim', status: 'FAIL', responseTime: 1573364172652 }
{
  username: 'stella__2706',
  status: 'FAIL',
  responseTime: 1573364181616
}
{
  username: 'v_______vkim',
  status: 'FAIL',
  responseTime: 1573364198771
}
{ username: 'ddiorsun', status: 'FAIL', responseTime: 1573364232322 }
{ username: 'juliecho', status: 'FAIL', responseTime: 1573364298647 }
{
  username: 'lovely_yul04',
  status: 'FAIL',
  responseTime: 1573364430497
}
{ username: 'jeongeun._', status: 'FAIL', responseTime: 1573364693438 }
{
  username: 'abcdefghijklnmopqrstuvwy',
  status: 'FAIL',
  responseTime: 1573365218492
}
{
  username: 'la._.gourmandise',
  status: 'FAIL',
  responseTime: 1573366268422
}
{
  username: 'adriannct_mvp',
  status: 'FAIL',
  responseTime: 1573368366924
}
{ username: 'sseul_0130', status: 'FAIL', responseTime: 1573372561990 }
{
  username: '91__tae__won',
  status: 'FAIL',
  responseTime: 1573380951382
}
{ username: 'meibbo', status: 'SUCCESS', responseTime: 1573397729564 }
{
  username: 'code_blue_7',
  status: 'SUCCESS',
  responseTime: 1573397730416
}
{
  username: 'ifyouthinksoh',
  status: 'FAIL',
  responseTime: 1573397731211
}
{
  username: 'junghyunji1',
  status: 'FAIL',
  responseTime: 1573397731997
}
{
  username: 'ian.butler.5458',
  status: 'FAIL',
  responseTime: 1573397732783
}
{ username: 'myunbongs', status: 'FAIL', responseTime: 1573397733930 }
{
  username: 'ssezutsdg88',
  status: 'FAIL',
  responseTime: 1573397734737
}
{ username: 'sccs199', status: 'FAIL', responseTime: 1573397735558 }
{ username: '23joo', status: 'FAIL', responseTime: 1573397736409 }
{ username: 'chnnpwtk', status: 'FAIL', responseTime: 1573397737331 }
{ username: 'jiwoo_eom', status: 'FAIL', responseTime: 1573397738385 }
{
  username: 'nielhyun1210',
  status: 'FAIL',
  responseTime: 1573397739691
}
{ username: 'svbiny', status: 'FAIL', responseTime: 1573397741516 }
{ username: 'or__and', status: 'FAIL', responseTime: 1573397744345 }
{
  username: 'kimchaemini',
  status: 'FAIL',
  responseTime: 1573397749220
}
{
  username: 'sang__hee__7',
  status: 'FAIL',
  responseTime: 1573397758184
}
{ username: 'ming_pyu', status: 'FAIL', responseTime: 1573397775404 }
{
  username: 'guoyuru0804',
  status: 'FAIL',
  responseTime: 1573397808948
}
{
  username: 'sheep_heewon10',
  status: 'FAIL',
  responseTime: 1573397875273
}
{
  username: 'marine_jo_1234',
  status: 'FAIL',
  responseTime: 1573398007143
}
{ username: 'juliauhlee', status: 'FAIL', responseTime: 1573398270081 }
{ username: 'jjyu2ya', status: 'FAIL', responseTime: 1573398795180 }
{ username: 'miseonyang', status: 'FAIL', responseTime: 1573399845123 }
{
  username: 'junghye_yoon',
  status: 'FAIL',
  responseTime: 1573401943063
}
{ username: '_091219', status: 'FAIL', responseTime: 1573406138185 }
{
  username: 'barsha.barat',
  status: 'SUCCESS',
  responseTime: 1573414527745
}
{
  username: 'hllison.auang',
  status: 'SUCCESS',
  responseTime: 1573414528545
}
{
  username: '_lu0valic_',
  status: 'SUCCESS',
  responseTime: 1573414529168
}
{
  username: 'mika___u',
  status: 'SUCCESS',
  responseTime: 1573414529790
}
{
  username: 'luvsamyj',
  status: 'SUCCESS',
  responseTime: 1573414530509
}
{ username: 'sinseod12', status: 'FAIL', responseTime: 1573414531076 }
{ username: 'jcooo__', status: 'SUCCESS', responseTime: 1573414532075 }
{
  username: 'toformin__',
  status: 'SUCCESS',
  responseTime: 1573414532858
}
{
  username: 'yoonhaecho',
  status: 'SUCCESS',
  responseTime: 1573414533738
}
{
  username: 'fluisldpdpdp',
  status: 'SUCCESS',
  responseTime: 1573414534280
}
{
  username: 'masa_ccwnb',
  status: 'SUCCESS',
  responseTime: 1573414535207
}
{
  username: 'sunnysummerxia',
  status: 'SUCCESS',
  responseTime: 1573414535867
}
{
  username: 'habiollet',
  status: 'SUCCESS',
  responseTime: 1573414536994
}
{
  username: 'bebeyule',
  status: 'SUCCESS',
  responseTime: 1573414537906
}
{
  username: 'charchardero',
  status: 'SUCCESS',
  responseTime: 1573414538670
}
{
  username: 'riverhyunju',
  status: 'SUCCESS',
  responseTime: 1573414539690
}
{
  username: 'biapolicante',
  status: 'SUCCESS',
  responseTime: 1573414540473
}
{
  username: 'gosujin5022',
  status: 'SUCCESS',
  responseTime: 1573414541038
}
{
  username: 'vivre_savie',
  status: 'SUCCESS',
  responseTime: 1573414541891
}
{
  username: '01___eom',
  status: 'SUCCESS',
  responseTime: 1573414542676
}
{
  username: 'jiseoniiiiii',
  status: 'SUCCESS',
  responseTime: 1573414543270
}
{
  username: 'lydia20513',
  status: 'SUCCESS',
  responseTime: 1573414543815
}
{ username: 'lil.760', status: 'SUCCESS', responseTime: 1573414544750 }
{
  username: 'seoeunhye.88',
  status: 'SUCCESS',
  responseTime: 1573414545954
}
{
  username: 'ravi_tobi_',
  status: 'SUCCESS',
  responseTime: 1573414546805
}
{
  username: 'chillinsh_',
  status: 'SUCCESS',
  responseTime: 1573414547368
}
{ username: 'ung2se', status: 'SUCCESS', responseTime: 1573414548170 }
{ username: 'ysooin', status: 'SUCCESS', responseTime: 1573414548877 }
{
  username: 'jinchaewon_',
  status: 'SUCCESS',
  responseTime: 1573414549770
}
{
  username: 'sj__joah',
  status: 'SUCCESS',
  responseTime: 1573414550394
}
{
  username: 'sunflower_bom',
  status: 'SUCCESS',
  responseTime: 1573414551673
}
{
  username: 'h._.genieee',
  status: 'SUCCESS',
  responseTime: 1573414552617
}
{
  username: 'chajaeryeong',
  status: 'SUCCESS',
  responseTime: 1573414553272
}
{
  username: 'jjjjyyyy9372',
  status: 'SUCCESS',
  responseTime: 1573414553810
}
{ username: 'je_0seo', status: 'SUCCESS', responseTime: 1573414554445 }
{
  username: 'temmirasans2.0',
  status: 'SUCCESS',
  responseTime: 1573414555686
}
{
  username: 'sari_marilyn',
  status: 'SUCCESS',
  responseTime: 1573414556504
}
{ username: '486yhj', status: 'SUCCESS', responseTime: 1573414557503 }
{
  username: 'meo_ww117',
  status: 'SUCCESS',
  responseTime: 1573414558114
}
{
  username: 'suejin_gabriela',
  status: 'SUCCESS',
  responseTime: 1573414558817
}
{ username: 'you.nyeong', status: 'FAIL', responseTime: 1573414559367 }
{
  username: 'lyyyynnnnnnnnnnnnn',
  status: 'SUCCESS',
  responseTime: 1573414560180
}
{
  username: 'madeleinedespirito',
  status: 'SUCCESS',
  responseTime: 1573414560997
}
{
  username: 'exellens_07',
  status: 'SUCCESS',
  responseTime: 1573414561804
}
{
  username: 'm__n_k___g',
  status: 'SUCCESS',
  responseTime: 1573414562430
}
{
  username: 'chaeng_xx',
  status: 'SUCCESS',
  responseTime: 1573414563211
}
{
  username: 'yonnyummy',
  status: 'SUCCESS',
  responseTime: 1573414564165
}
{
  username: 'pauldionise',
  status: 'SUCCESS',
  responseTime: 1573414565020
}
{
  username: 'taeun.couple',
  status: 'SUCCESS',
  responseTime: 1573414566451
}
{
  username: 'babypanda_14',
  status: 'SUCCESS',
  responseTime: 1573414567257
}
{
  username: 'bin_cantik',
  status: 'SUCCESS',
  responseTime: 1573414568228
}
{
  username: 'gyuwon1225',
  status: 'SUCCESS',
  responseTime: 1573414568758
}
{
  username: 'jjongzzzz_',
  status: 'SUCCESS',
  responseTime: 1573414569505
}
{
  username: 'evenajaaaaaa',
  status: 'SUCCESS',
  responseTime: 1573414570055
}
{
  username: 'happysoul031',
  status: 'SUCCESS',
  responseTime: 1573414570690
}
{ username: '93.404_', status: 'SUCCESS', responseTime: 1573414571281 }
{
  username: 'joo.hyang._.90',
  status: 'SUCCESS',
  responseTime: 1573414572294
}
{
  username: 'moon__930',
  status: 'SUCCESS',
  responseTime: 1573414572856
}
{
  username: 'all.about.bucheon',
  status: 'SUCCESS',
  responseTime: 1573414573702
}
{
  username: 'eyelike_',
  status: 'SUCCESS',
  responseTime: 1573414574542
}
{
  username: 'midnight_blanc',
  status: 'SUCCESS',
  responseTime: 1573414575408
}
{
  username: 'andar_ar_',
  status: 'SUCCESS',
  responseTime: 1573414576262
}
{
  username: 'astrohazone',
  status: 'SUCCESS',
  responseTime: 1573414577321
}
{
  username: '_juanjo_sanchez',
  status: 'SUCCESS',
  responseTime: 1573414578252
}
{
  username: 'pangpang_one_',
  status: 'SUCCESS',
  responseTime: 1573414579049
}
{
  username: 'yammyfactory',
  status: 'SUCCESS',
  responseTime: 1573414579924
}
{
  username: 'leastella_subin',
  status: 'SUCCESS',
  responseTime: 1573414580718
}
{
  username: '_ha.rim_',
  status: 'SUCCESS',
  responseTime: 1573414581581
}
{
  username: 'the.divine.female',
  status: 'SUCCESS',
  responseTime: 1573414582335
}
{
  username: 'geo.bahna',
  status: 'SUCCESS',
  responseTime: 1573414583105
}
{
  username: 'jungwon__choi',
  status: 'SUCCESS',
  responseTime: 1573414583867
}
{
  username: 'thekriksters',
  status: 'SUCCESS',
  responseTime: 1573414584637
}
{
  username: 'davidzwirnerbooks',
  status: 'SUCCESS',
  responseTime: 1573414585434
}
{
  username: 'foodirectory',
  status: 'SUCCESS',
  responseTime: 1573414586473
}
{
  username: 'trustsolot_',
  status: 'SUCCESS',
  responseTime: 1573414587575
}
{
  username: 'stefanasilber',
  status: 'SUCCESS',
  responseTime: 1573414588501
}
{
  username: '_letstravel_',
  status: 'SUCCESS',
  responseTime: 1573414589267
}
{
  username: 'grace_primes',
  status: 'SUCCESS',
  responseTime: 1573414590477
}
{
  username: 'opus_fashion',
  status: 'SUCCESS',
  responseTime: 1573414591336
}
{
  username: 'tripfever',
  status: 'SUCCESS',
  responseTime: 1573414592124
}
{
  username: 'rana.abdullah1',
  status: 'SUCCESS',
  responseTime: 1573414593238
}
{
  username: 'allanabooth',
  status: 'SUCCESS',
  responseTime: 1573414594048
}
{ username: 'rs7gram', status: 'SUCCESS', responseTime: 1573414594862 }
{
  username: 'fanaticfive',
  status: 'SUCCESS',
  responseTime: 1573414595616
}
{
  username: 'inspiring_photography_admired',
  status: 'SUCCESS',
  responseTime: 1573414596399
}
{
  username: 'festyinstyle',
  status: 'SUCCESS',
  responseTime: 1573414597248
}
{ username: 'egbaii', status: 'SUCCESS', responseTime: 1573414598277 }
{
  username: 'ilovemangosblog',
  status: 'SUCCESS',
  responseTime: 1573414599170
}
{
  username: 'soso___slivanay__',
  status: 'SUCCESS',
  responseTime: 1573414599843
}
{
  username: 'mikhailgordeef',
  status: 'FAIL',
  responseTime: 1573414600508
}
{
  username: 'sandrad29',
  status: 'SUCCESS',
  responseTime: 1573414601285
}
{
  username: 'ninalevchuk',
  status: 'SUCCESS',
  responseTime: 1573414602209
}
{
  username: 'suzanneheyn',
  status: 'SUCCESS',
  responseTime: 1573414603712
}
{
  username: 'barca_11_10__',
  status: 'SUCCESS',
  responseTime: 1573414604673
}
{
  username: 'jorge.galan_',
  status: 'SUCCESS',
  responseTime: 1573414605505
}
{
  username: 'samantha90724',
  status: 'SUCCESS',
  responseTime: 1573414606892
}
{ username: 'zob0a', status: 'FAIL', responseTime: 1573414607451 }
{
  username: 'sctmagazine',
  status: 'SUCCESS',
  responseTime: 1573414608258
}
{
  username: 'turbofficial',
  status: 'SUCCESS',
  responseTime: 1573414609063
}
{
  username: 'vadimcapraru',
  status: 'SUCCESS',
  responseTime: 1573414609853
}
{
  username: 'chezsimonefr',
  status: 'SUCCESS',
  responseTime: 1573414610971
}
{
  username: 'grigordimitrov.fans',
  status: 'SUCCESS',
  responseTime: 1573414611716
}
{ username: '5jb8', status: 'SUCCESS', responseTime: 1573414612311 }
{
  username: 'eminem.0.27',
  status: 'SUCCESS',
  responseTime: 1573414612860
}
{
  username: 'libra_sg_soogil',
  status: 'SUCCESS',
  responseTime: 1573414613663
}
{
  username: 'farhan1992',
  status: 'SUCCESS',
  responseTime: 1573414614587
}
{
  username: 'relationship_boosters',
  status: 'SUCCESS',
  responseTime: 1573414615636
}
{
  username: 'ahmedsherief19110',
  status: 'SUCCESS',
  responseTime: 1573414616550
}
{
  username: 'changsuek',
  status: 'SUCCESS',
  responseTime: 1573414617620
}
{
  username: 'sneaker_shop_link',
  status: 'SUCCESS',
  responseTime: 1573414618441
}
{ username: 'sbn_br', status: 'SUCCESS', responseTime: 1573414619406 }
{
  username: 'alejandrofitofficial',
  status: 'SUCCESS',
  responseTime: 1573414620400
}
{
  username: 'heartoftee',
  status: 'SUCCESS',
  responseTime: 1573414621183
}
{
  username: 'rhysdutton',
  status: 'SUCCESS',
  responseTime: 1573414622010
}
{
  username: 'niki.bahrani',
  status: 'SUCCESS',
  responseTime: 1573414622881
}
{
  username: 'jerome_miguel_',
  status: 'SUCCESS',
  responseTime: 1573414623608
}
{
  username: 'hyolovee',
  status: 'SUCCESS',
  responseTime: 1573414624426
}
{
  username: 'chapstick',
  status: 'SUCCESS',
  responseTime: 1573414625289
}
{
  username: 'viniciusogn',
  status: 'SUCCESS',
  responseTime: 1573414626053
}
{
  username: 'carmencacaaa',
  status: 'SUCCESS',
  responseTime: 1573414627015
}
{
  username: 'thatdiane',
  status: 'SUCCESS',
  responseTime: 1573414627901
}
{
  username: 'hossein.fattahian',
  status: 'SUCCESS',
  responseTime: 1573414628462
}
{
  username: 'anneliesdraws',
  status: 'SUCCESS',
  responseTime: 1573414629210
}
{
  username: 'bunda_ruwaida17',
  status: 'SUCCESS',
  responseTime: 1573414630069
}
{
  username: 'ardenmyrin',
  status: 'SUCCESS',
  responseTime: 1573414630898
}
{
  username: 'jugogi_rang',
  status: 'SUCCESS',
  responseTime: 1573414631742
}
{ username: 'liffy.x', status: 'SUCCESS', responseTime: 1573414632350 }
{
  username: 'mercadoartedesign',
  status: 'SUCCESS',
  responseTime: 1573414633397
}
{
  username: 'babyxtorazina',
  status: 'FAIL',
  responseTime: 1573414633946
}
{
  username: 'imkay._.crocus',
  status: 'FAIL',
  responseTime: 1573414634490
}
{
  username: 'sandeepj36',
  status: 'SUCCESS',
  responseTime: 1573414635082
}
{ username: 'aiithu', status: 'SUCCESS', responseTime: 1573414635861 }
{
  username: 'lcoc.007',
  status: 'SUCCESS',
  responseTime: 1573414636754
}
{ username: 'crewits', status: 'SUCCESS', responseTime: 1573414637534 }
{
  username: 'anymeansnessary',
  status: 'SUCCESS',
  responseTime: 1573414638369
}
{
  username: 'thechicaglokid',
  status: 'SUCCESS',
  responseTime: 1573414639276
}
{
  username: 'natalieeebacon',
  status: 'SUCCESS',
  responseTime: 1573414640518
}
{
  username: 'gbcboutique',
  status: 'SUCCESS',
  responseTime: 1573414641341
}
{
  username: 'juz_zion',
  status: 'SUCCESS',
  responseTime: 1573414642233
}
{
  username: 'evetarkadaslarbeneda',
  status: 'SUCCESS',
  responseTime: 1573414642850
}
{
  username: 'akboii88',
  status: 'SUCCESS',
  responseTime: 1573414643523
}
{
  username: 'pink_cheek13',
  status: 'SUCCESS',
  responseTime: 1573414644331
}
{
  username: 'diwyesh.006',
  status: 'SUCCESS',
  responseTime: 1573414645105
}
{
  username: 'fauvelou',
  status: 'SUCCESS',
  responseTime: 1573414645889
}
{
  username: 'russell_w1',
  status: 'SUCCESS',
  responseTime: 1573414646448
}
{
  username: 'miccoannadi',
  status: 'SUCCESS',
  responseTime: 1573414647269
}
{
  username: 'hoani8haeata',
  status: 'FAIL',
  responseTime: 1573414647808
}
{
  username: 'patroxberlin',
  status: 'SUCCESS',
  responseTime: 1573414648562
}
{
  username: 'liza_kudina_',
  status: 'SUCCESS',
  responseTime: 1573414649377
}
{
  username: 'caffaccinoo',
  status: 'SUCCESS',
  responseTime: 1573414650187
}
{
  ip: '54.180.137.247',
  sucCounter: 788,
  isBlocked: false,
  startTime: 1573195677044
}
{ username: '2tjdnjs', status: 'SUCCESS', responseTime: 1573414653074 }
{ username: 'minsuu_', status: 'SUCCESS', responseTime: 1573414654119 }
{
  username: 'kiyomi_bori',
  status: 'SUCCESS',
  responseTime: 1573414654945
}
{ username: 'by2hana', status: 'SUCCESS', responseTime: 1573414655700 }
{
  username: 'kingkong_vely',
  status: 'SUCCESS',
  responseTime: 1573414656867
}
{ username: 'bymins_', status: 'SUCCESS', responseTime: 1573414657641 }
{
  username: 'love.daon',
  status: 'SUCCESS',
  responseTime: 1573414658550
}
{
  username: '22dmswls',
  status: 'SUCCESS',
  responseTime: 1573414659428
}
{
  username: 'bombom_daily_',
  status: 'SUCCESS',
  responseTime: 1573414660562
}
{
  username: 'semicoke_',
  status: 'SUCCESS',
  responseTime: 1573414661442
}
{
  username: 'si_weareone',
  status: 'SUCCESS',
  responseTime: 1573414662449
}
{
  username: 'dorongggu',
  status: 'SUCCESS',
  responseTime: 1573414663293
}
{ username: 'gom.ny', status: 'SUCCESS', responseTime: 1573414664263 }
{ username: '1heeee', status: 'SUCCESS', responseTime: 1573414665094 }
{
  username: 'weserbergland',
  status: 'SUCCESS',
  responseTime: 1573414665921
}
{
  username: 'hswny2616',
  status: 'SUCCESS',
  responseTime: 1573414666691
}
{
  username: 'elyana.124',
  status: 'SUCCESS',
  responseTime: 1573414667534
}
{
  username: 'teeeedubssss',
  status: 'SUCCESS',
  responseTime: 1573414668247
}
{ username: 'leekise', status: 'SUCCESS', responseTime: 1573414669086 }
{
  username: 'dodo.0504',
  status: 'SUCCESS',
  responseTime: 1573414669962
}
{
  username: 'kr_winter',
  status: 'SUCCESS',
  responseTime: 1573414670814
}
{
  username: 'putraagathis',
  status: 'SUCCESS',
  responseTime: 1573414671377
}
{
  username: 'w.shonie89',
  status: 'SUCCESS',
  responseTime: 1573414672267
}
{
  username: 'zywh.liu',
  status: 'SUCCESS',
  responseTime: 1573414673327
}
{
  username: 'kikim.shafx99',
  status: 'SUCCESS',
  responseTime: 1573414673882
}
{
  username: 'gabriellaservellon',
  status: 'SUCCESS',
  responseTime: 1573414674803
}
{ username: 'by.jun', status: 'SUCCESS', responseTime: 1573414675918 }
{
  username: 'ha_r_o_37_sb',
  status: 'SUCCESS',
  responseTime: 1573414676604
}
{
  username: 'dasor_r_',
  status: 'SUCCESS',
  responseTime: 1573414677441
}
{
  username: 'gpfks1881',
  status: 'SUCCESS',
  responseTime: 1573414678367
}
{ username: 'x.bin.x', status: 'SUCCESS', responseTime: 1573414678920 }
{ username: '5.28mm', status: 'SUCCESS', responseTime: 1573414679890 }
{
  username: 'choi_y.c',
  status: 'SUCCESS',
  responseTime: 1573414680779
}
{
  username: '_sum.mer_days_',
  status: 'FAIL',
  responseTime: 1573414681320
}
{
  username: 'da.jjeong2',
  status: 'SUCCESS',
  responseTime: 1573414681875
}
{
  username: 'dongdongk_fit',
  status: 'SUCCESS',
  responseTime: 1573414682677
}
{
  username: 'lal_mal_sawmi___',
  status: 'SUCCESS',
  responseTime: 1573414683601
}
{
  username: 'tanikkee',
  status: 'SUCCESS',
  responseTime: 1573414684445
}
{
  username: '____hoshikuzu_',
  status: 'SUCCESS',
  responseTime: 1573414685496
}
{ username: 'rari.bb', status: 'SUCCESS', responseTime: 1573414686331 }
{ username: 's11m._', status: 'SUCCESS', responseTime: 1573414687376 }
{
  username: 'sieunlove',
  status: 'SUCCESS',
  responseTime: 1573414688212
}
{ username: '__514__', status: 'SUCCESS', responseTime: 1573414689004 }
{
  username: 'ignazio.deluca',
  status: 'SUCCESS',
  responseTime: 1573414689810
}
{
  username: 'umieshdi',
  status: 'SUCCESS',
  responseTime: 1573414690581
}
{
  username: 'omy_balloon',
  status: 'SUCCESS',
  responseTime: 1573414691433
}
{
  username: 'syfw1970',
  status: 'SUCCESS',
  responseTime: 1573414692181
}
{ username: 'gunee_0', status: 'SUCCESS', responseTime: 1573414692804 }
{
  username: 'seongjin9559',
  status: 'SUCCESS',
  responseTime: 1573414693342
}
{
  username: 'ariathamara',
  status: 'SUCCESS',
  responseTime: 1573414694268
}
{
  username: 'future__kim',
  status: 'SUCCESS',
  responseTime: 1573414694898
}
{ username: '365.00', status: 'SUCCESS', responseTime: 1573414695688 }
{
  username: 'jjiac113',
  status: 'SUCCESS',
  responseTime: 1573414696849
}
{ username: 'y1f1y', status: 'SUCCESS', responseTime: 1573414697736 }
{
  username: 'r_alkinani19',
  status: 'SUCCESS',
  responseTime: 1573414698300
}
{
  username: 'rahaf.alnoman',
  status: 'SUCCESS',
  responseTime: 1573414699042
}
{
  username: 'osama.alkolas',
  status: 'SUCCESS',
  responseTime: 1573414699891
}
{ username: 'o7rta', status: 'FAIL', responseTime: 1573414700663 }
{ username: 'noori_244', status: 'FAIL', responseTime: 1573414701458 }
{ username: 'ebtesam344', status: 'FAIL', responseTime: 1573414702253 }
{ username: 'c0h_', status: 'FAIL', responseTime: 1573414703061 }
{ username: 'ti.m2', status: 'FAIL', responseTime: 1573414703898 }
{ username: 'if_ton', status: 'FAIL', responseTime: 1573414704721 }
{ username: 'sh.567d', status: 'FAIL', responseTime: 1573414705859 }
{ username: 'felix.46', status: 'FAIL', responseTime: 1573414707382 }
{ username: 'wareef.mo', status: 'FAIL', responseTime: 1573414708433 }
{ username: 'cookaliza', status: 'FAIL', responseTime: 1573414709729 }
{
  username: 'a01099487467',
  status: 'FAIL',
  responseTime: 1573414711535
}
{
  username: 'lindolfosouto',
  status: 'FAIL',
  responseTime: 1573414714366
}
{ username: 'mydiaco', status: 'FAIL', responseTime: 1573414719239 }
{ username: 'tubiabaci', status: 'FAIL', responseTime: 1573414728253 }
{
  username: 'kaseylmartin',
  status: 'FAIL',
  responseTime: 1573414745419
}
{
  username: 'jhalli_bypriasethi',
  status: 'FAIL',
  responseTime: 1573414778966
}
{
  username: 'couplegoaal1',
  status: 'FAIL',
  responseTime: 1573414845889
}
{
  username: 'eggcellencearg',
  status: 'FAIL',
  responseTime: 1573414977752
}
{
  username: 'ajaikrobinson',
  status: 'FAIL',
  responseTime: 1573415240713
}
{ username: 'mypixiecup', status: 'FAIL', responseTime: 1573415765793 }
{ username: 'gibbjme', status: 'FAIL', responseTime: 1573416815729 }
{
  username: 'brunotauzin',
  status: 'FAIL',
  responseTime: 1573418914939
}
{ username: 'fredricae', status: 'FAIL', responseTime: 1573423110605 }
{ username: 'iamdechard', status: 'FAIL', responseTime: 1573431499986 }
